Using pre-set license
Built from '2021.3/staging' branch; Version is '2021.3.6f1 (7da38d85baf6) revision 8233869'; Using compiler version '192829333'; Build Type 'Release'
OS: 'Windows 10  (10.0.19043) 64bit Core' Language: 'en' Physical Memory: 16185 MB
BatchMode: 1, IsHumanControllingUs: 0, StartBugReporterOnCrash: 0, Is64bit: 1, IsPro: 1

COMMAND LINE ARGUMENTS:
C:\Program Files\Unity\Hub\Editor\2021.3.6f1\Editor\Unity.exe
-adb2
-batchMode
-noUpm
-name
AssetImportWorker1
-projectPath
C:/Users/harsh/maze
-logFile
Logs/AssetImportWorker1.log
-srvPort
62727
Successfully changed project path to: C:/Users/harsh/maze
C:/Users/harsh/maze
[UnityMemory] Configuration Parameters - Can be set up in boot.config
    "memorysetup-bucket-allocator-granularity=16"
    "memorysetup-bucket-allocator-bucket-count=8"
    "memorysetup-bucket-allocator-block-size=33554432"
    "memorysetup-bucket-allocator-block-count=8"
    "memorysetup-main-allocator-block-size=16777216"
    "memorysetup-thread-allocator-block-size=16777216"
    "memorysetup-gfx-main-allocator-block-size=16777216"
    "memorysetup-gfx-thread-allocator-block-size=16777216"
    "memorysetup-cache-allocator-block-size=4194304"
    "memorysetup-typetree-allocator-block-size=2097152"
    "memorysetup-profiler-bucket-allocator-granularity=16"
    "memorysetup-profiler-bucket-allocator-bucket-count=8"
    "memorysetup-profiler-bucket-allocator-block-size=33554432"
    "memorysetup-profiler-bucket-allocator-block-count=8"
    "memorysetup-profiler-allocator-block-size=16777216"
    "memorysetup-profiler-editor-allocator-block-size=1048576"
    "memorysetup-temp-allocator-size-main=16777216"
    "memorysetup-job-temp-allocator-block-size=2097152"
    "memorysetup-job-temp-allocator-block-size-background=1048576"
    "memorysetup-job-temp-allocator-reduction-small-platforms=262144"
    "memorysetup-temp-allocator-size-background-worker=32768"
    "memorysetup-temp-allocator-size-job-worker=262144"
    "memorysetup-temp-allocator-size-preload-manager=33554432"
    "memorysetup-temp-allocator-size-nav-mesh-worker=65536"
    "memorysetup-temp-allocator-size-audio-worker=65536"
    "memorysetup-temp-allocator-size-cloud-worker=32768"
    "memorysetup-temp-allocator-size-gi-baking-worker=262144"
    "memorysetup-temp-allocator-size-gfx=262144"
Refreshing native plugins compatible for Editor in 130.42 ms, found 11 plugins.
Preloading 1 native plugins for Editor in 1.11 ms.
Initialize engine version: 2021.3.6f1 (7da38d85baf6)
[Subsystems] Discovering subsystems at path C:/Program Files/Unity/Hub/Editor/2021.3.6f1/Editor/Data/Resources/UnitySubsystems
[Subsystems] Discovering subsystems at path C:/Users/harsh/maze/Assets
GfxDevice: creating device client; threaded=0; jobified=0
Direct3D:
    Version:  Direct3D 11.0 [level 11.1]
    Renderer: NVIDIA GeForce RTX 2070 Super with Max-Q Design (ID=0x1ed1)
    Vendor:   NVIDIA
    VRAM:     8011 MB
    Driver:   27.21.14.6230
Initialize mono
Mono path[0] = 'C:/Program Files/Unity/Hub/Editor/2021.3.6f1/Editor/Data/Managed'
Mono path[1] = 'C:/Program Files/Unity/Hub/Editor/2021.3.6f1/Editor/Data/MonoBleedingEdge/lib/mono/unityjit-win32'
Mono config path = 'C:/Program Files/Unity/Hub/Editor/2021.3.6f1/Editor/Data/MonoBleedingEdge/etc'
Using monoOptions --debugger-agent=transport=dt_socket,embedding=1,server=y,suspend=n,address=127.0.0.1:56836
Begin MonoManager ReloadAssembly
Registering precompiled unity dll's ...
Register platform support module: C:/Program Files/Unity/Hub/Editor/2021.3.6f1/Editor/Data/PlaybackEngines/WebGLSupport/UnityEditor.WebGL.Extensions.dll
Register platform support module: C:/Program Files/Unity/Hub/Editor/2021.3.6f1/Editor/Data/PlaybackEngines/AndroidPlayer/UnityEditor.Android.Extensions.dll
Register platform support module: C:/Program Files/Unity/Hub/Editor/2021.3.6f1/Editor/Data/PlaybackEngines/WindowsStandaloneSupport/UnityEditor.WindowsStandalone.Extensions.dll
Registered in 0.018499 seconds.
Native extension for WindowsStandalone target not found
Native extension for Android target not found
Native extension for WebGL target not found
Refreshing native plugins compatible for Editor in 125.72 ms, found 11 plugins.
Preloading 1 native plugins for Editor in 0.29 ms.
Mono: successfully reloaded assembly
- Completed reload, in  0.781 seconds
Domain Reload Profiling:
	ReloadAssembly (781ms)
		BeginReloadAssembly (94ms)
			ExecutionOrderSort (0ms)
			DisableScriptedObjects (0ms)
			BackupInstance (0ms)
			ReleaseScriptingObjects (0ms)
			CreateAndSetChildDomain (1ms)
		EndReloadAssembly (549ms)
			LoadAssemblies (91ms)
			RebuildTransferFunctionScriptingTraits (0ms)
			SetupTypeCache (117ms)
			ReleaseScriptCaches (0ms)
			RebuildScriptCaches (29ms)
			SetupLoadedEditorAssemblies (340ms)
				LogAssemblyErrors (0ms)
				InitializePlatformSupportModulesInManaged (66ms)
				SetLoadedEditorAssemblies (0ms)
				RefreshPlugins (126ms)
				BeforeProcessingInitializeOnLoad (1ms)
				ProcessInitializeOnLoadAttributes (103ms)
				ProcessInitializeOnLoadMethodAttributes (44ms)
				AfterProcessingInitializeOnLoad (0ms)
				EditorAssembliesLoaded (0ms)
			ExecutionOrderSort2 (0ms)
			AwakeInstancesAfterBackupRestoration (0ms)
Platform modules already initialized, skipping
Registering precompiled user dll's ...
Registered in 0.015775 seconds.
Begin MonoManager ReloadAssembly
Symbol file LoadedFromMemory doesn't match image C:\Users\harsh\maze\Library\PackageCache\com.unity.visualscripting@1.7.8\Editor\VisualScripting.Core\Dependencies\DotNetZip\Unity.VisualScripting.IonicZip.dll
Symbol file LoadedFromMemory doesn't match image C:\Users\harsh\maze\Library\PackageCache\com.unity.visualscripting@1.7.8\Editor\VisualScripting.Core\Dependencies\YamlDotNet\Unity.VisualScripting.YamlDotNet.dll
Native extension for WindowsStandalone target not found
Native extension for Android target not found
Native extension for WebGL target not found
Refreshing native plugins compatible for Editor in 140.07 ms, found 11 plugins.
Preloading 1 native plugins for Editor in 0.12 ms.
Package Manager log level set to [2]
System.Reflection.TargetInvocationException: Exception has been thrown by the target of an invocation. ---> System.NullReferenceException: Object reference not set to an instance of an object
  at Unity.XR.Oculus.OculusLoader.AssetPathToAbsolutePath (System.String assetPath) [0x0003d] in C:\Users\harsh\maze\Library\PackageCache\com.unity.xr.oculus@3.0.2\Runtime\OculusLoader.cs:271 
  at Unity.XR.Oculus.OculusLoader.EditorLoadOVRPlugin () [0x0007b] in C:\Users\harsh\maze\Library\PackageCache\com.unity.xr.oculus@3.0.2\Runtime\OculusLoader.cs:256 
  at (wrapper managed-to-native) System.Reflection.RuntimeMethodInfo.InternalInvoke(System.Reflection.RuntimeMethodInfo,object,object[],System.Exception&)
  at System.Reflection.RuntimeMethodInfo.Invoke (System.Object obj, System.Reflection.BindingFlags invokeAttr, System.Reflection.Binder binder, System.Object[] parameters, System.Globalization.CultureInfo culture) [0x0006a] in <e40e5a8f982c4b618a930d29f9bd091c>:0 
   --- End of inner exception stack trace ---
  at System.Reflection.RuntimeMethodInfo.Invoke (System.Object obj, System.Reflection.BindingFlags invokeAttr, System.Reflection.Binder binder, System.Object[] parameters, System.Globalization.CultureInfo culture) [0x00083] in <e40e5a8f982c4b618a930d29f9bd091c>:0 
  at System.Reflection.MethodBase.Invoke (System.Object obj, System.Object[] parameters) [0x00000] in <e40e5a8f982c4b618a930d29f9bd091c>:0 
  at UnityEditor.EditorAssemblies.ProcessInitializeOnLoadMethodAttributes () [0x000a5] in <44a70d1b13cf47e29810e30f45ffae08>:0 
UnityEngine.StackTraceUtility:ExtractStackTrace ()
UnityEngine.DebugLogHandler:LogFormat (UnityEngine.LogType,UnityEngine.Object,string,object[])
UnityEngine.Logger:Log (UnityEngine.LogType,object)
UnityEngine.Debug:LogError (object)
UnityEditor.EditorAssemblies:ProcessInitializeOnLoadMethodAttributes ()

Mono: successfully reloaded assembly
- Completed reload, in  1.786 seconds
Domain Reload Profiling:
	ReloadAssembly (1786ms)
		BeginReloadAssembly (237ms)
			ExecutionOrderSort (0ms)
			DisableScriptedObjects (6ms)
			BackupInstance (0ms)
			ReleaseScriptingObjects (0ms)
			CreateAndSetChildDomain (128ms)
		EndReloadAssembly (1410ms)
			LoadAssemblies (119ms)
			RebuildTransferFunctionScriptingTraits (0ms)
			SetupTypeCache (360ms)
			ReleaseScriptCaches (1ms)
			RebuildScriptCaches (73ms)
			SetupLoadedEditorAssemblies (807ms)
				LogAssemblyErrors (0ms)
				InitializePlatformSupportModulesInManaged (18ms)
				SetLoadedEditorAssemblies (0ms)
				RefreshPlugins (140ms)
				BeforeProcessingInitializeOnLoad (195ms)
				ProcessInitializeOnLoadAttributes (400ms)
				ProcessInitializeOnLoadMethodAttributes (36ms)
				AfterProcessingInitializeOnLoad (17ms)
				EditorAssembliesLoaded (0ms)
			ExecutionOrderSort2 (0ms)
			AwakeInstancesAfterBackupRestoration (5ms)
Platform modules already initialized, skipping
========================================================================
Worker process is ready to serve import requests
Launched and connected shader compiler UnityShaderCompiler.exe after 0.07 seconds
Refreshing native plugins compatible for Editor in 1.44 ms, found 11 plugins.
Preloading 1 native plugins for Editor in 0.22 ms.
Unloading 4615 Unused Serialized files (Serialized files now loaded: 0)
Unloading 50 unused Assets / (154.3 KB). Loaded Objects now: 5061.
Memory consumption went from 162.7 MB to 162.5 MB.
Total: 7.483900 ms (FindLiveObjects: 0.573400 ms CreateObjectMapping: 0.627800 ms MarkObjects: 6.027400 ms  DeleteObjects: 0.253400 ms)

AssetImportParameters requested are different than current active one (requested -> active):
  custom:video-decoder-ogg-theora: a1e56fd34408186e4bbccfd4996cb3dc -> 
  custom:container-muxer-webm: aa71ff27fc2769a1b78a27578f13a17b -> 
  custom:container-demuxer-webm: 4f35f7cbe854078d1ac9338744f61a02 -> 
  custom:video-encoder-webm-vp8: eb34c28f22e8b96e1ab97ce403110664 -> 
  custom:video-codec-MediaFoundation-h265: 746d11721c4dcdbdad8f713fa42b33f4 -> 
  custom:audio-encoder-webm-vorbis: bf7c407c2cedff20999df2af8eb42d56 -> 
  custom:framework-win-MediaFoundation: 216162199b28c13a410421893ffa2e32 -> 
  custom:container-demuxer-ogg: 62fdf1f143b41e24485cea50d1cbac27 -> 
  custom:video-decoder-webm-vp8: 9c59270c3fd7afecdb556c50c9e8de78 -> 
  custom:audio-decoder-ogg-vorbis: bf7c407c2cedff20999df2af8eb42d56 -> 
========================================================================
Received Import Request.
  Time since last request: 21998.543516 seconds.
  path: Assets/PolygonStarter/Prefabs/SM_PolygonApocalypse_Bld_House_01.prefab
  artifactKey: Guid(09135c03210603f42b4207ff66b56781) Importer(815301076,1909f56bfc062723c751e8b465ee728b)
Start importing Assets/PolygonStarter/Prefabs/SM_PolygonApocalypse_Bld_House_01.prefab using Guid(09135c03210603f42b4207ff66b56781) Importer(815301076,1909f56bfc062723c751e8b465ee728b)  -> (artifact id: '6c9b4feec762c36c5baa8a529441bab4') in 0.276508 seconds 
========================================================================
Received Import Request.
  Time since last request: 0.000029 seconds.
  path: Assets/PolygonStarter/Prefabs/SM_PolygonPrototype_Primitive_Cylander_01P.prefab
  artifactKey: Guid(4ec4cfadebd96154690192fbd49e28b8) Importer(815301076,1909f56bfc062723c751e8b465ee728b)
Start importing Assets/PolygonStarter/Prefabs/SM_PolygonPrototype_Primitive_Cylander_01P.prefab using Guid(4ec4cfadebd96154690192fbd49e28b8) Importer(815301076,1909f56bfc062723c751e8b465ee728b)  -> (artifact id: 'f0ede47ff72aa8284f5c426e2b6f433f') in 0.033918 seconds 
========================================================================
Received Import Request.
  Time since last request: 0.000030 seconds.
  path: Assets/PolygonStarter/Prefabs/SM_PolygonPrototype_Prop_Target_03.prefab
  artifactKey: Guid(e0d3f8289f60e1e49a5d66d5eb8582f3) Importer(815301076,1909f56bfc062723c751e8b465ee728b)
Start importing Assets/PolygonStarter/Prefabs/SM_PolygonPrototype_Prop_Target_03.prefab using Guid(e0d3f8289f60e1e49a5d66d5eb8582f3) Importer(815301076,1909f56bfc062723c751e8b465ee728b)  -> (artifact id: '9acef42e914845226444263b78e6b697') in 0.039183 seconds 
========================================================================
Received Import Request.
  Time since last request: 0.000024 seconds.
  path: Assets/PolygonStarter/Prefabs/SM_Generic_TreeStump_01.prefab
  artifactKey: Guid(e865a10713e46984aba70d89a679e42f) Importer(815301076,1909f56bfc062723c751e8b465ee728b)
Start importing Assets/PolygonStarter/Prefabs/SM_Generic_TreeStump_01.prefab using Guid(e865a10713e46984aba70d89a679e42f) Importer(815301076,1909f56bfc062723c751e8b465ee728b)  -> (artifact id: '773b117e6221cd520c6b88a4f097a0a5') in 0.035861 seconds 
========================================================================
Received Import Request.
  Time since last request: 0.000058 seconds.
  path: Assets/PolygonStarter/Prefabs/SM_PolygonPrototype_Buildings_Block_1x1_01P.prefab
  artifactKey: Guid(bbc12ae2f967ec04e8c3c39eeb92733b) Importer(815301076,1909f56bfc062723c751e8b465ee728b)
Start importing Assets/PolygonStarter/Prefabs/SM_PolygonPrototype_Buildings_Block_1x1_01P.prefab using Guid(bbc12ae2f967ec04e8c3c39eeb92733b) Importer(815301076,1909f56bfc062723c751e8b465ee728b)  -> (artifact id: 'f365fe1971157baf00649b59254b2fc5') in 0.055086 seconds 
========================================================================
Received Import Request.
  Time since last request: 0.000030 seconds.
  path: Assets/PolygonStarter/Prefabs/SM_PolygonPrototype_Buildings_Floor_1x1_01P.prefab
  artifactKey: Guid(af1ac26269830d347859c2c45ef72494) Importer(815301076,1909f56bfc062723c751e8b465ee728b)
Start importing Assets/PolygonStarter/Prefabs/SM_PolygonPrototype_Buildings_Floor_1x1_01P.prefab using Guid(af1ac26269830d347859c2c45ef72494) Importer(815301076,1909f56bfc062723c751e8b465ee728b)  -> (artifact id: '9725e4949af64824804f2779fa756feb') in 0.042084 seconds 
========================================================================
Received Import Request.
  Time since last request: 0.000036 seconds.
  path: Assets/PolygonStarter/Prefabs/SM_Generic_Ground_01.prefab
  artifactKey: Guid(fb0131aa61eef7c4d95b2efaf17614ec) Importer(815301076,1909f56bfc062723c751e8b465ee728b)
Start importing Assets/PolygonStarter/Prefabs/SM_Generic_Ground_01.prefab using Guid(fb0131aa61eef7c4d95b2efaf17614ec) Importer(815301076,1909f56bfc062723c751e8b465ee728b)  -> (artifact id: '67c157f5fb9ab321a79e24e9f0d1cd67') in 0.049326 seconds 
========================================================================
Received Import Request.
  Time since last request: 0.000047 seconds.
  path: Assets/PolygonStarter/Prefabs/SM_Generic_Ground_Flat_01.prefab
  artifactKey: Guid(e484c7ad7b1274b4c847940d3eb54d14) Importer(815301076,1909f56bfc062723c751e8b465ee728b)
Start importing Assets/PolygonStarter/Prefabs/SM_Generic_Ground_Flat_01.prefab using Guid(e484c7ad7b1274b4c847940d3eb54d14) Importer(815301076,1909f56bfc062723c751e8b465ee728b)  -> (artifact id: '2d0fbbb8994bb31356dcd8acbeac3548') in 0.038177 seconds 
========================================================================
Received Import Request.
  Time since last request: 0.000024 seconds.
  path: Assets/PolygonStarter/Prefabs/SM_PolygonCity_Veh_Car_Small_01.prefab
  artifactKey: Guid(d6e2601c4f144db459adb4f5e7affc65) Importer(815301076,1909f56bfc062723c751e8b465ee728b)
Start importing Assets/PolygonStarter/Prefabs/SM_PolygonCity_Veh_Car_Small_01.prefab using Guid(d6e2601c4f144db459adb4f5e7affc65) Importer(815301076,1909f56bfc062723c751e8b465ee728b)  -> (artifact id: '0589778a08546ce0a73346b0bceabde6') in 0.316814 seconds 
========================================================================
Received Import Request.
  Time since last request: 0.000035 seconds.
  path: Assets/PolygonStarter/Prefabs/SM_PolygonPrototype_Buildings_Column_2x3_01P.prefab
  artifactKey: Guid(a2e435ea5b0f606429670d1f3f1f1504) Importer(815301076,1909f56bfc062723c751e8b465ee728b)
Start importing Assets/PolygonStarter/Prefabs/SM_PolygonPrototype_Buildings_Column_2x3_01P.prefab using Guid(a2e435ea5b0f606429670d1f3f1f1504) Importer(815301076,1909f56bfc062723c751e8b465ee728b)  -> (artifact id: '8d88cb4a7fdc925f806b715933ac9ab0') in 0.042180 seconds 
========================================================================
Received Import Request.
  Time since last request: 0.000055 seconds.
  path: Assets/PolygonStarter/Prefabs/SM_Generic_Small_Rocks_01.prefab
  artifactKey: Guid(39dfb394e864da84db3b1c7e8f517888) Importer(815301076,1909f56bfc062723c751e8b465ee728b)
Start importing Assets/PolygonStarter/Prefabs/SM_Generic_Small_Rocks_01.prefab using Guid(39dfb394e864da84db3b1c7e8f517888) Importer(815301076,1909f56bfc062723c751e8b465ee728b)  -> (artifact id: 'f6ff11b6c796901b33a83a4608d88d1f') in 0.051671 seconds 
========================================================================
Received Import Request.
  Time since last request: 0.000037 seconds.
  path: Assets/PolygonStarter/Prefabs/SM_PolygonPrototype_Buildings_WallWindow_2x3_01P.prefab
  artifactKey: Guid(c65338a0f30f41c4681e41312190273d) Importer(815301076,1909f56bfc062723c751e8b465ee728b)
Start importing Assets/PolygonStarter/Prefabs/SM_PolygonPrototype_Buildings_WallWindow_2x3_01P.prefab using Guid(c65338a0f30f41c4681e41312190273d) Importer(815301076,1909f56bfc062723c751e8b465ee728b)  -> (artifact id: 'da1fb092d4c80cf4e9d781977e49fa38') in 0.046502 seconds 
========================================================================
Received Import Request.
  Time since last request: 0.000033 seconds.
  path: Assets/PolygonStarter/Prefabs/SM_Generic_Tree_03.prefab
  artifactKey: Guid(56edbd376562e9544ab88753fd3c4682) Importer(815301076,1909f56bfc062723c751e8b465ee728b)
Start importing Assets/PolygonStarter/Prefabs/SM_Generic_Tree_03.prefab using Guid(56edbd376562e9544ab88753fd3c4682) Importer(815301076,1909f56bfc062723c751e8b465ee728b)  -> (artifact id: '7ad05bc5a8782eb2984548a22eda0e5a') in 0.052009 seconds 
========================================================================
Received Import Request.
  Time since last request: 0.000030 seconds.
  path: Assets/PolygonStarter/Prefabs/SM_PolygonPrototype_Icon_Letter_Question_01.prefab
  artifactKey: Guid(0a38eb871bfa7c646bc59c4f2eeea64b) Importer(815301076,1909f56bfc062723c751e8b465ee728b)
Start importing Assets/PolygonStarter/Prefabs/SM_PolygonPrototype_Icon_Letter_Question_01.prefab using Guid(0a38eb871bfa7c646bc59c4f2eeea64b) Importer(815301076,1909f56bfc062723c751e8b465ee728b)  -> (artifact id: 'f589c4fe323c9b27101039516d3b1a1c') in 0.038568 seconds 
========================================================================
Received Import Request.
  Time since last request: 0.000053 seconds.
  path: Assets/PolygonStarter/Prefabs/SM_PolygonPrototype_Buildings_Stairs_1x1_01P.prefab
  artifactKey: Guid(f675c07d915406144ae3100b985c0abc) Importer(815301076,1909f56bfc062723c751e8b465ee728b)
Start importing Assets/PolygonStarter/Prefabs/SM_PolygonPrototype_Buildings_Stairs_1x1_01P.prefab using Guid(f675c07d915406144ae3100b985c0abc) Importer(815301076,1909f56bfc062723c751e8b465ee728b)  -> (artifact id: '383ab7a2726d6273c3acee8ec582dc01') in 0.046055 seconds 
========================================================================
Received Import Request.
  Time since last request: 0.000043 seconds.
  path: Assets/PolygonStarter/Prefabs/SM_Wep_WaterPistol_01.prefab
  artifactKey: Guid(c6865c562fd3f2841a92dc0cbbd6b4b4) Importer(815301076,1909f56bfc062723c751e8b465ee728b)
Start importing Assets/PolygonStarter/Prefabs/SM_Wep_WaterPistol_01.prefab using Guid(c6865c562fd3f2841a92dc0cbbd6b4b4) Importer(815301076,1909f56bfc062723c751e8b465ee728b)  -> (artifact id: '88ca75ed8bf79601756ac82ec9e66431') in 0.041495 seconds 
========================================================================
Received Import Request.
  Time since last request: 105.680237 seconds.
  path: Assets/PolygonStarter/Materials/PolygonStarter_Mat_02.mat
  artifactKey: Guid(2d9674097da42b2448220c5e2805bb27) Importer(815301076,1909f56bfc062723c751e8b465ee728b)
Start importing Assets/PolygonStarter/Materials/PolygonStarter_Mat_02.mat using Guid(2d9674097da42b2448220c5e2805bb27) Importer(815301076,1909f56bfc062723c751e8b465ee728b)  -> (artifact id: '2e4ec61d98c17cb60b2de9eb98fd3604') in 0.045685 seconds 
========================================================================
Received Import Request.
  Time since last request: 0.000023 seconds.
  path: Assets/PolygonStarter/Materials/PolygonStarter_Mat_04.mat
  artifactKey: Guid(382781f3eb846ba4992cfb4e635c76ed) Importer(815301076,1909f56bfc062723c751e8b465ee728b)
Start importing Assets/PolygonStarter/Materials/PolygonStarter_Mat_04.mat using Guid(382781f3eb846ba4992cfb4e635c76ed) Importer(815301076,1909f56bfc062723c751e8b465ee728b)  -> (artifact id: '34d20061cc0bee139656fe9943a2a7ef') in 0.032821 seconds 
========================================================================
Received Import Request.
  Time since last request: 2.961897 seconds.
  path: Assets/PolygonStarter/Materials/Plane/PolygonStarter_Mat_Plane_02.mat
  artifactKey: Guid(dce3a789f595f224a85f5cf4f2e6667d) Importer(815301076,1909f56bfc062723c751e8b465ee728b)
Start importing Assets/PolygonStarter/Materials/Plane/PolygonStarter_Mat_Plane_02.mat using Guid(dce3a789f595f224a85f5cf4f2e6667d) Importer(815301076,1909f56bfc062723c751e8b465ee728b)  -> (artifact id: '97310c8095e6f597dbefce3ad63652cd') in 0.072673 seconds 
========================================================================
Received Import Request.
  Time since last request: 0.000024 seconds.
  path: Assets/PolygonStarter/Materials/Plane/PolygonStarter_Mat_Plane_03.mat
  artifactKey: Guid(a34e2e9511ab63041850d60a4868cfcf) Importer(815301076,1909f56bfc062723c751e8b465ee728b)
Start importing Assets/PolygonStarter/Materials/Plane/PolygonStarter_Mat_Plane_03.mat using Guid(a34e2e9511ab63041850d60a4868cfcf) Importer(815301076,1909f56bfc062723c751e8b465ee728b)  -> (artifact id: '951989688fe1217f82389d1b4d9d6841') in 0.043614 seconds 
========================================================================
Received Import Request.
  Time since last request: 14.875063 seconds.
  path: Assets/PolygonStarter/Models/SM_Bean_Cop_01.fbx
  artifactKey: Guid(c89a73caf26194948b5a891401eaf18e) Importer(815301076,1909f56bfc062723c751e8b465ee728b)
Start importing Assets/PolygonStarter/Models/SM_Bean_Cop_01.fbx using Guid(c89a73caf26194948b5a891401eaf18e) Importer(815301076,1909f56bfc062723c751e8b465ee728b)  -> (artifact id: 'ad42d480bd5250eb2bbcc6eba655a774') in 0.071950 seconds 
========================================================================
Received Import Request.
  Time since last request: 0.000022 seconds.
  path: Assets/PolygonStarter/Models/SM_Generic_Ground_Flat_01.fbx
  artifactKey: Guid(508d8b94335d22a4f876f140c7c5540a) Importer(815301076,1909f56bfc062723c751e8b465ee728b)
Start importing Assets/PolygonStarter/Models/SM_Generic_Ground_Flat_01.fbx using Guid(508d8b94335d22a4f876f140c7c5540a) Importer(815301076,1909f56bfc062723c751e8b465ee728b)  -> (artifact id: '316bbc96392e3006b4444ddc62aba6fb') in 0.020324 seconds 
========================================================================
Received Import Request.
  Time since last request: 0.000038 seconds.
  path: Assets/PolygonStarter/Models/SM_Generic_Tree_01.fbx
  artifactKey: Guid(eafcccb3a6a70464caf8371e0f6153df) Importer(815301076,1909f56bfc062723c751e8b465ee728b)
Start importing Assets/PolygonStarter/Models/SM_Generic_Tree_01.fbx using Guid(eafcccb3a6a70464caf8371e0f6153df) Importer(815301076,1909f56bfc062723c751e8b465ee728b)  -> (artifact id: '074f4c7f76ecec79b383764d4cda5249') in 0.021993 seconds 
========================================================================
Received Import Request.
  Time since last request: 0.000020 seconds.
  path: Assets/PolygonStarter/Models/SM_PolygonPrototype_Prop_Cone_01.fbx
  artifactKey: Guid(10f4e51254da985418a112d2dfe124f0) Importer(815301076,1909f56bfc062723c751e8b465ee728b)
Start importing Assets/PolygonStarter/Models/SM_PolygonPrototype_Prop_Cone_01.fbx using Guid(10f4e51254da985418a112d2dfe124f0) Importer(815301076,1909f56bfc062723c751e8b465ee728b)  -> (artifact id: '194ac628e860c903b89a403402e4e869') in 0.020439 seconds 
========================================================================
Received Import Request.
  Time since last request: 0.000028 seconds.
  path: Assets/PolygonStarter/Models/SM_Generic_Ground_01.fbx
  artifactKey: Guid(b74644f508e4826458cf428b1206664e) Importer(815301076,1909f56bfc062723c751e8b465ee728b)
Start importing Assets/PolygonStarter/Models/SM_Generic_Ground_01.fbx using Guid(b74644f508e4826458cf428b1206664e) Importer(815301076,1909f56bfc062723c751e8b465ee728b)  -> (artifact id: '8062a4a1ad5d1a06b870c297c9518998') in 0.023649 seconds 
========================================================================
Received Import Request.
  Time since last request: 0.000028 seconds.
  path: Assets/PolygonStarter/Models/SM_PolygonPrototype_Prop_Ladder_1x2_01P.fbx
  artifactKey: Guid(e9671205b5c307944a4c1715dbd3cf31) Importer(815301076,1909f56bfc062723c751e8b465ee728b)
Start importing Assets/PolygonStarter/Models/SM_PolygonPrototype_Prop_Ladder_1x2_01P.fbx using Guid(e9671205b5c307944a4c1715dbd3cf31) Importer(815301076,1909f56bfc062723c751e8b465ee728b)  -> (artifact id: '9baf96617cbfbc34db851a7a15e36738') in 0.021030 seconds 
========================================================================
Received Import Request.
  Time since last request: 0.000017 seconds.
  path: Assets/PolygonStarter/Models/SM_PolygonPrototype_Icon_Coin_01.fbx
  artifactKey: Guid(b00a06e965af79a4c917d2b450d64c54) Importer(815301076,1909f56bfc062723c751e8b465ee728b)
Start importing Assets/PolygonStarter/Models/SM_PolygonPrototype_Icon_Coin_01.fbx using Guid(b00a06e965af79a4c917d2b450d64c54) Importer(815301076,1909f56bfc062723c751e8b465ee728b)  -> (artifact id: '62703d8ed03ddc80f90499dbeec8ffd5') in 0.022112 seconds 
========================================================================
Received Import Request.
  Time since last request: 0.000022 seconds.
  path: Assets/PolygonStarter/Models/SM_Generic_Ground_03.fbx
  artifactKey: Guid(7cf8232403ff6a14483511b1d83ccf1a) Importer(815301076,1909f56bfc062723c751e8b465ee728b)
Start importing Assets/PolygonStarter/Models/SM_Generic_Ground_03.fbx using Guid(7cf8232403ff6a14483511b1d83ccf1a) Importer(815301076,1909f56bfc062723c751e8b465ee728b)  -> (artifact id: '9925255d7621840aa70d5e8067990676') in 0.021263 seconds 
========================================================================
Received Import Request.
  Time since last request: 0.000026 seconds.
  path: Assets/PolygonStarter/Models/SM_PolygonPrototype_Icon_Arrow_Small_01.fbx
  artifactKey: Guid(b9979013b18adc147ac208c3520b982e) Importer(815301076,1909f56bfc062723c751e8b465ee728b)
Start importing Assets/PolygonStarter/Models/SM_PolygonPrototype_Icon_Arrow_Small_01.fbx using Guid(b9979013b18adc147ac208c3520b982e) Importer(815301076,1909f56bfc062723c751e8b465ee728b)  -> (artifact id: '6cfbb670f36f70142c981e15b5eccc8c') in 0.021057 seconds 
========================================================================
Received Import Request.
  Time since last request: 0.000032 seconds.
  path: Assets/PolygonStarter/Models/SM_Generic_Tree_02.fbx
  artifactKey: Guid(52e489a7682e53e4fbbd56a5eab52da6) Importer(815301076,1909f56bfc062723c751e8b465ee728b)
Start importing Assets/PolygonStarter/Models/SM_Generic_Tree_02.fbx using Guid(52e489a7682e53e4fbbd56a5eab52da6) Importer(815301076,1909f56bfc062723c751e8b465ee728b)  -> (artifact id: '25f35c6fe816b5eb2f0d8a00726a3871') in 0.018757 seconds 
========================================================================
Received Import Request.
  Time since last request: 0.000044 seconds.
  path: Assets/PolygonStarter/Models/SM_Generic_CloudRing_01.fbx
  artifactKey: Guid(c46fa2dcdad10a34d9cfcf6eaee6c3ed) Importer(815301076,1909f56bfc062723c751e8b465ee728b)
Start importing Assets/PolygonStarter/Models/SM_Generic_CloudRing_01.fbx using Guid(c46fa2dcdad10a34d9cfcf6eaee6c3ed) Importer(815301076,1909f56bfc062723c751e8b465ee728b)  -> (artifact id: '85faacd470c8270d87915cafd295d974') in 0.028728 seconds 
========================================================================
Received Import Request.
  Time since last request: 0.000030 seconds.
  path: Assets/PolygonStarter/Models/SM_PolygonApocalypse_Bld_House_01.fbx
  artifactKey: Guid(373fc854d939a1346a2f460d917cad73) Importer(815301076,1909f56bfc062723c751e8b465ee728b)
Start importing Assets/PolygonStarter/Models/SM_PolygonApocalypse_Bld_House_01.fbx using Guid(373fc854d939a1346a2f460d917cad73) Importer(815301076,1909f56bfc062723c751e8b465ee728b)  -> (artifact id: '234b61409ccf86cf5c149a02afb30a36') in 0.023866 seconds 
========================================================================
Received Import Request.
  Time since last request: 0.000020 seconds.
  path: Assets/PolygonStarter/Models/SM_SimpleSky_Dome_01.fbx
  artifactKey: Guid(e9ca908cdd3e3f54a8fd61457b2a8c60) Importer(815301076,1909f56bfc062723c751e8b465ee728b)
Start importing Assets/PolygonStarter/Models/SM_SimpleSky_Dome_01.fbx using Guid(e9ca908cdd3e3f54a8fd61457b2a8c60) Importer(815301076,1909f56bfc062723c751e8b465ee728b)  -> (artifact id: 'a90acc444e89329f143a4497aded02fa') in 0.023391 seconds 
========================================================================
Received Import Request.
  Time since last request: 0.000026 seconds.
  path: Assets/PolygonStarter/Models/SM_PolygonCity_Veh_Car_Small_01.fbx
  artifactKey: Guid(3555aa14b7768e148a5d219046a2dc64) Importer(815301076,1909f56bfc062723c751e8b465ee728b)
Start importing Assets/PolygonStarter/Models/SM_PolygonCity_Veh_Car_Small_01.fbx using Guid(3555aa14b7768e148a5d219046a2dc64) Importer(815301076,1909f56bfc062723c751e8b465ee728b)  -> (artifact id: 'dad879f09be6bdf28998b5a15001f797') in 0.115130 seconds 
========================================================================
Received Import Request.
  Time since last request: 0.000036 seconds.
  path: Assets/PolygonStarter/Models/SM_PolygonPrototype_Buildings_Ramp_25_1x1_01P.fbx
  artifactKey: Guid(61fb2dc939f73bf4882dd937f15fd0c1) Importer(815301076,1909f56bfc062723c751e8b465ee728b)
Start importing Assets/PolygonStarter/Models/SM_PolygonPrototype_Buildings_Ramp_25_1x1_01P.fbx using Guid(61fb2dc939f73bf4882dd937f15fd0c1) Importer(815301076,1909f56bfc062723c751e8b465ee728b)  -> (artifact id: '8dad0be2d07a9db33bd3831bb42c3d5a') in 0.022988 seconds 
========================================================================
Received Import Request.
  Time since last request: 0.000036 seconds.
  path: Assets/PolygonStarter/Models/SM_Generic_Small_Rocks_04.fbx
  artifactKey: Guid(17bdf3df78c8f714e961cd4ba26d5685) Importer(815301076,1909f56bfc062723c751e8b465ee728b)
Start importing Assets/PolygonStarter/Models/SM_Generic_Small_Rocks_04.fbx using Guid(17bdf3df78c8f714e961cd4ba26d5685) Importer(815301076,1909f56bfc062723c751e8b465ee728b)  -> (artifact id: '0ca2d72db9fd08e7c389f73e6640afa1') in 0.021203 seconds 
========================================================================
Received Import Request.
  Time since last request: 0.000031 seconds.
  path: Assets/PolygonStarter/Models/SM_Generic_Tree_03.fbx
  artifactKey: Guid(f83ed2876384d1f4cb9b147d9bd0fd4b) Importer(815301076,1909f56bfc062723c751e8b465ee728b)
Start importing Assets/PolygonStarter/Models/SM_Generic_Tree_03.fbx using Guid(f83ed2876384d1f4cb9b147d9bd0fd4b) Importer(815301076,1909f56bfc062723c751e8b465ee728b)  -> (artifact id: 'f42d67204268118ac72bec12e444596e') in 0.024044 seconds 
========================================================================
Received Import Request.
  Time since last request: 0.000022 seconds.
  path: Assets/PolygonStarter/Models/SM_Generic_Mountains_Grass_02.fbx
  artifactKey: Guid(f76ba9d22b6776e43b0208e873d28605) Importer(815301076,1909f56bfc062723c751e8b465ee728b)
Start importing Assets/PolygonStarter/Models/SM_Generic_Mountains_Grass_02.fbx using Guid(f76ba9d22b6776e43b0208e873d28605) Importer(815301076,1909f56bfc062723c751e8b465ee728b)  -> (artifact id: '3a1221cfafb0871076830b9a3fa5c7cb') in 0.022885 seconds 
========================================================================
Received Import Request.
  Time since last request: 0.000035 seconds.
  path: Assets/PolygonStarter/Models/SM_Bean_Cowboy_01.fbx
  artifactKey: Guid(477c3a0d92aa1424db2ac70c581d1745) Importer(815301076,1909f56bfc062723c751e8b465ee728b)
Start importing Assets/PolygonStarter/Models/SM_Bean_Cowboy_01.fbx using Guid(477c3a0d92aa1424db2ac70c581d1745) Importer(815301076,1909f56bfc062723c751e8b465ee728b)  -> (artifact id: 'b537613138e2573890afc09b766cd12a') in 0.029644 seconds 
========================================================================
Received Import Request.
  Time since last request: 0.000023 seconds.
  path: Assets/PolygonStarter/Models/SM_PolygonPrototype_Buildings_Block_1x1_01P.fbx
  artifactKey: Guid(6b3e08b19a8a5bc42aca2b30611da807) Importer(815301076,1909f56bfc062723c751e8b465ee728b)
Start importing Assets/PolygonStarter/Models/SM_PolygonPrototype_Buildings_Block_1x1_01P.fbx using Guid(6b3e08b19a8a5bc42aca2b30611da807) Importer(815301076,1909f56bfc062723c751e8b465ee728b)  -> (artifact id: '087507549447045272292f12d80381b4') in 0.023441 seconds 
========================================================================
Received Import Request.
  Time since last request: 0.000015 seconds.
  path: Assets/PolygonStarter/Models/SM_PolygonPrototype_Buildings_Stairs_1x1_01P.fbx
  artifactKey: Guid(863c2e4bd290d4344bfa0c76e862a0cf) Importer(815301076,1909f56bfc062723c751e8b465ee728b)
Start importing Assets/PolygonStarter/Models/SM_PolygonPrototype_Buildings_Stairs_1x1_01P.fbx using Guid(863c2e4bd290d4344bfa0c76e862a0cf) Importer(815301076,1909f56bfc062723c751e8b465ee728b)  -> (artifact id: '14716714b650befd02129dc938160488') in 0.024606 seconds 
========================================================================
Received Import Request.
  Time since last request: 0.000025 seconds.
  path: Assets/PolygonStarter/Models/SM_PolygonPrototype_Buildings_Column_2x3_01P.fbx
  artifactKey: Guid(0d85decc1128f9c408b485218f4131e3) Importer(815301076,1909f56bfc062723c751e8b465ee728b)
Start importing Assets/PolygonStarter/Models/SM_PolygonPrototype_Buildings_Column_2x3_01P.fbx using Guid(0d85decc1128f9c408b485218f4131e3) Importer(815301076,1909f56bfc062723c751e8b465ee728b)  -> (artifact id: 'bfbb9c545696f640cc12deb7bcf9cc2c') in 0.021080 seconds 
========================================================================
Received Import Request.
  Time since last request: 0.000029 seconds.
  path: Assets/PolygonStarter/Models/SM_Generic_Small_Rocks_03.fbx
  artifactKey: Guid(a47f9d37300bbb645b151db3524e65a5) Importer(815301076,1909f56bfc062723c751e8b465ee728b)
Start importing Assets/PolygonStarter/Models/SM_Generic_Small_Rocks_03.fbx using Guid(a47f9d37300bbb645b151db3524e65a5) Importer(815301076,1909f56bfc062723c751e8b465ee728b)  -> (artifact id: '6e5f06a044350473ef46898e16c64538') in 0.019749 seconds 
========================================================================
Received Import Request.
  Time since last request: 0.000026 seconds.
  path: Assets/PolygonStarter/Models/SM_PolygonPrototype_Buildings_Stairs_1x3_01P.fbx
  artifactKey: Guid(4d167806285be1145935ba43ca5996fd) Importer(815301076,1909f56bfc062723c751e8b465ee728b)
Start importing Assets/PolygonStarter/Models/SM_PolygonPrototype_Buildings_Stairs_1x3_01P.fbx using Guid(4d167806285be1145935ba43ca5996fd) Importer(815301076,1909f56bfc062723c751e8b465ee728b)  -> (artifact id: '748aaa75545e467dc1d90a88fd5dace3') in 0.018139 seconds 
========================================================================
Received Import Request.
  Time since last request: 11.382148 seconds.
  path: Assets/PolygonStarter/Materials/Misc/PolygonStarter_Mat_01_Glass.mat
  artifactKey: Guid(167faa9f54383f04987dcacc6372f1b4) Importer(815301076,1909f56bfc062723c751e8b465ee728b)
Start importing Assets/PolygonStarter/Materials/Misc/PolygonStarter_Mat_01_Glass.mat using Guid(167faa9f54383f04987dcacc6372f1b4) Importer(815301076,1909f56bfc062723c751e8b465ee728b)  -> (artifact id: '787384951b5f00d21e40bb3eddfdb532') in 0.021139 seconds 
========================================================================
Received Prepare
Registering precompiled user dll's ...
Registered in 0.023063 seconds.
Begin MonoManager ReloadAssembly
Symbol file LoadedFromMemory doesn't match image C:\Users\harsh\maze\Library\PackageCache\com.unity.visualscripting@1.7.8\Editor\VisualScripting.Core\Dependencies\DotNetZip\Unity.VisualScripting.IonicZip.dll
Symbol file LoadedFromMemory doesn't match image C:\Users\harsh\maze\Library\PackageCache\com.unity.visualscripting@1.7.8\Editor\VisualScripting.Core\Dependencies\YamlDotNet\Unity.VisualScripting.YamlDotNet.dll
Native extension for WindowsStandalone target not found
Native extension for Android target not found
Native extension for WebGL target not found
Refreshing native plugins compatible for Editor in 1.04 ms, found 11 plugins.
Preloading 1 native plugins for Editor in 0.17 ms.
System.Reflection.TargetInvocationException: Exception has been thrown by the target of an invocation. ---> System.NullReferenceException: Object reference not set to an instance of an object
  at Unity.XR.Oculus.OculusLoader.AssetPathToAbsolutePath (System.String assetPath) [0x0003d] in C:\Users\harsh\maze\Library\PackageCache\com.unity.xr.oculus@3.0.2\Runtime\OculusLoader.cs:271 
  at Unity.XR.Oculus.OculusLoader.EditorLoadOVRPlugin () [0x0007b] in C:\Users\harsh\maze\Library\PackageCache\com.unity.xr.oculus@3.0.2\Runtime\OculusLoader.cs:256 
  at (wrapper managed-to-native) System.Reflection.RuntimeMethodInfo.InternalInvoke(System.Reflection.RuntimeMethodInfo,object,object[],System.Exception&)
  at System.Reflection.RuntimeMethodInfo.Invoke (System.Object obj, System.Reflection.BindingFlags invokeAttr, System.Reflection.Binder binder, System.Object[] parameters, System.Globalization.CultureInfo culture) [0x0006a] in <e40e5a8f982c4b618a930d29f9bd091c>:0 
   --- End of inner exception stack trace ---
  at System.Reflection.RuntimeMethodInfo.Invoke (System.Object obj, System.Reflection.BindingFlags invokeAttr, System.Reflection.Binder binder, System.Object[] parameters, System.Globalization.CultureInfo culture) [0x00083] in <e40e5a8f982c4b618a930d29f9bd091c>:0 
  at System.Reflection.MethodBase.Invoke (System.Object obj, System.Object[] parameters) [0x00000] in <e40e5a8f982c4b618a930d29f9bd091c>:0 
  at UnityEditor.EditorAssemblies.ProcessInitializeOnLoadMethodAttributes () [0x000a5] in <44a70d1b13cf47e29810e30f45ffae08>:0 
UnityEngine.StackTraceUtility:ExtractStackTrace ()
UnityEngine.DebugLogHandler:LogFormat (UnityEngine.LogType,UnityEngine.Object,string,object[])
UnityEngine.Logger:Log (UnityEngine.LogType,object)
UnityEngine.Debug:LogError (object)
UnityEditor.EditorAssemblies:ProcessInitializeOnLoadMethodAttributes ()

Mono: successfully reloaded assembly
- Completed reload, in  1.483 seconds
Domain Reload Profiling:
	ReloadAssembly (1484ms)
		BeginReloadAssembly (194ms)
			ExecutionOrderSort (0ms)
			DisableScriptedObjects (6ms)
			BackupInstance (0ms)
			ReleaseScriptingObjects (0ms)
			CreateAndSetChildDomain (53ms)
		EndReloadAssembly (1149ms)
			LoadAssemblies (139ms)
			RebuildTransferFunctionScriptingTraits (0ms)
			SetupTypeCache (397ms)
			ReleaseScriptCaches (2ms)
			RebuildScriptCaches (50ms)
			SetupLoadedEditorAssemblies (516ms)
				LogAssemblyErrors (0ms)
				InitializePlatformSupportModulesInManaged (31ms)
				SetLoadedEditorAssemblies (1ms)
				RefreshPlugins (1ms)
				BeforeProcessingInitializeOnLoad (117ms)
				ProcessInitializeOnLoadAttributes (312ms)
				ProcessInitializeOnLoadMethodAttributes (41ms)
				AfterProcessingInitializeOnLoad (13ms)
				EditorAssembliesLoaded (0ms)
			ExecutionOrderSort2 (0ms)
			AwakeInstancesAfterBackupRestoration (6ms)
Platform modules already initialized, skipping
Refreshing native plugins compatible for Editor in 6.85 ms, found 11 plugins.
Preloading 1 native plugins for Editor in 0.09 ms.
Unloading 4574 Unused Serialized files (Serialized files now loaded: 0)
Unloading 40 unused Assets / (128.9 KB). Loaded Objects now: 5108.
Memory consumption went from 165.4 MB to 165.3 MB.
Total: 4.398500 ms (FindLiveObjects: 0.340800 ms CreateObjectMapping: 0.451900 ms MarkObjects: 3.422300 ms  DeleteObjects: 0.182200 ms)

AssetImportParameters requested are different than current active one (requested -> active):
  custom:video-decoder-ogg-theora: a1e56fd34408186e4bbccfd4996cb3dc -> 
  custom:container-muxer-webm: aa71ff27fc2769a1b78a27578f13a17b -> 
  custom:container-demuxer-webm: 4f35f7cbe854078d1ac9338744f61a02 -> 
  custom:video-encoder-webm-vp8: eb34c28f22e8b96e1ab97ce403110664 -> 
  custom:video-codec-MediaFoundation-h265: 746d11721c4dcdbdad8f713fa42b33f4 -> 
  custom:audio-encoder-webm-vorbis: bf7c407c2cedff20999df2af8eb42d56 -> 
  custom:framework-win-MediaFoundation: 216162199b28c13a410421893ffa2e32 -> 
  custom:container-demuxer-ogg: 62fdf1f143b41e24485cea50d1cbac27 -> 
  custom:video-decoder-webm-vp8: 9c59270c3fd7afecdb556c50c9e8de78 -> 
  custom:audio-decoder-ogg-vorbis: bf7c407c2cedff20999df2af8eb42d56 -> 
========================================================================
Received Import Request.
  Time since last request: 389.578215 seconds.
  path: Assets/XR/Settings/Oculus Settings.asset
  artifactKey: Guid(dc4b4469f4ec85c4abe77b6346f08146) Importer(815301076,1909f56bfc062723c751e8b465ee728b)
Start importing Assets/XR/Settings/Oculus Settings.asset using Guid(dc4b4469f4ec85c4abe77b6346f08146) Importer(815301076,1909f56bfc062723c751e8b465ee728b)  -> (artifact id: '153514011ed1aa5834ce14e30c29090f') in 0.023996 seconds 
========================================================================
Received Import Request.
  Time since last request: 0.000016 seconds.
  path: Assets/XR/Settings/Sample Settings.asset
  artifactKey: Guid(a467294f30bb67045998d05b54ef18ec) Importer(815301076,1909f56bfc062723c751e8b465ee728b)
Start importing Assets/XR/Settings/Sample Settings.asset using Guid(a467294f30bb67045998d05b54ef18ec) Importer(815301076,1909f56bfc062723c751e8b465ee728b)  -> (artifact id: 'eeaf9995328bfc9410064e3caa168dcd') in 0.012049 seconds 
========================================================================
Received Import Request.
  Time since last request: 0.498320 seconds.
  path: Assets/XR/Loaders/Oculus Loader.asset
  artifactKey: Guid(c7f53481f9df25f4ea25099fb7d92c87) Importer(815301076,1909f56bfc062723c751e8b465ee728b)
Start importing Assets/XR/Loaders/Oculus Loader.asset using Guid(c7f53481f9df25f4ea25099fb7d92c87) Importer(815301076,1909f56bfc062723c751e8b465ee728b)  -> (artifact id: '15100a8834b69ff888f5cd0b27cc8433') in 0.007068 seconds 
========================================================================
Received Import Request.
  Time since last request: 0.000020 seconds.
  path: Assets/XR/Loaders/Sample Loader.asset
  artifactKey: Guid(6bec67f008e022a4d90bd78f6c4ed8eb) Importer(815301076,1909f56bfc062723c751e8b465ee728b)
Start importing Assets/XR/Loaders/Sample Loader.asset using Guid(6bec67f008e022a4d90bd78f6c4ed8eb) Importer(815301076,1909f56bfc062723c751e8b465ee728b)  -> (artifact id: '89ab4a4849508e7508184b503dab349a') in 0.006880 seconds 
========================================================================
Received Import Request.
  Time since last request: 2.514955 seconds.
  path: Assets/XRI/Settings/XRInteractionEditorSettings.asset
  artifactKey: Guid(04bef96de2b31b4458b61a650a03547c) Importer(815301076,1909f56bfc062723c751e8b465ee728b)
Start importing Assets/XRI/Settings/XRInteractionEditorSettings.asset using Guid(04bef96de2b31b4458b61a650a03547c) Importer(815301076,1909f56bfc062723c751e8b465ee728b)  -> (artifact id: '71e49394e0837d848c95d29eb8a97e3a') in 0.007359 seconds 
========================================================================
Received Import Request.
  Time since last request: 83.207162 seconds.
  path: Assets
  artifactKey: Guid(00000000000000001000000000000000) Importer(815301076,1909f56bfc062723c751e8b465ee728b)
Start importing Assets using Guid(00000000000000001000000000000000) Importer(815301076,1909f56bfc062723c751e8b465ee728b)  -> (artifact id: '79842766b460edbeab6a34051e857a80') in 0.006097 seconds 
========================================================================
Received Import Request.
  Time since last request: 8.371728 seconds.
  path: Assets/scripts
  artifactKey: Guid(b27b1b92bd970dd4fb13876872c04b0f) Importer(815301076,1909f56bfc062723c751e8b465ee728b)
Start importing Assets/scripts using Guid(b27b1b92bd970dd4fb13876872c04b0f) Importer(815301076,1909f56bfc062723c751e8b465ee728b)  -> (artifact id: '2758b41ac402c56ce4745ae333e83b5b') in 0.006616 seconds 
========================================================================
Received Import Request.
  Time since last request: 14.997508 seconds.
  path: Assets/scripts/loginteractionscript.cs
  artifactKey: Guid(51e972cbe13b8424dbc6e27b46a0ed77) Importer(815301076,1909f56bfc062723c751e8b465ee728b)
Start importing Assets/scripts/loginteractionscript.cs using Guid(51e972cbe13b8424dbc6e27b46a0ed77) Importer(815301076,1909f56bfc062723c751e8b465ee728b)  -> (artifact id: '036447a0f9aa36308f3b159f4a109d96') in 0.014298 seconds 
========================================================================
Received Prepare
Registering precompiled user dll's ...
Registered in 0.049955 seconds.
Begin MonoManager ReloadAssembly
Symbol file LoadedFromMemory doesn't match image C:\Users\harsh\maze\Library\PackageCache\com.unity.visualscripting@1.7.8\Editor\VisualScripting.Core\Dependencies\DotNetZip\Unity.VisualScripting.IonicZip.dll
Symbol file LoadedFromMemory doesn't match image C:\Users\harsh\maze\Library\PackageCache\com.unity.visualscripting@1.7.8\Editor\VisualScripting.Core\Dependencies\YamlDotNet\Unity.VisualScripting.YamlDotNet.dll
Native extension for WindowsStandalone target not found
Native extension for Android target not found
Native extension for WebGL target not found
Refreshing native plugins compatible for Editor in 1.29 ms, found 11 plugins.
Preloading 1 native plugins for Editor in 0.17 ms.
System.Reflection.TargetInvocationException: Exception has been thrown by the target of an invocation. ---> System.NullReferenceException: Object reference not set to an instance of an object
  at Unity.XR.Oculus.OculusLoader.AssetPathToAbsolutePath (System.String assetPath) [0x0003d] in C:\Users\harsh\maze\Library\PackageCache\com.unity.xr.oculus@3.0.2\Runtime\OculusLoader.cs:271 
  at Unity.XR.Oculus.OculusLoader.EditorLoadOVRPlugin () [0x0007b] in C:\Users\harsh\maze\Library\PackageCache\com.unity.xr.oculus@3.0.2\Runtime\OculusLoader.cs:256 
  at (wrapper managed-to-native) System.Reflection.RuntimeMethodInfo.InternalInvoke(System.Reflection.RuntimeMethodInfo,object,object[],System.Exception&)
  at System.Reflection.RuntimeMethodInfo.Invoke (System.Object obj, System.Reflection.BindingFlags invokeAttr, System.Reflection.Binder binder, System.Object[] parameters, System.Globalization.CultureInfo culture) [0x0006a] in <e40e5a8f982c4b618a930d29f9bd091c>:0 
   --- End of inner exception stack trace ---
  at System.Reflection.RuntimeMethodInfo.Invoke (System.Object obj, System.Reflection.BindingFlags invokeAttr, System.Reflection.Binder binder, System.Object[] parameters, System.Globalization.CultureInfo culture) [0x00083] in <e40e5a8f982c4b618a930d29f9bd091c>:0 
  at System.Reflection.MethodBase.Invoke (System.Object obj, System.Object[] parameters) [0x00000] in <e40e5a8f982c4b618a930d29f9bd091c>:0 
  at UnityEditor.EditorAssemblies.ProcessInitializeOnLoadMethodAttributes () [0x000a5] in <44a70d1b13cf47e29810e30f45ffae08>:0 
UnityEngine.StackTraceUtility:ExtractStackTrace ()
UnityEngine.DebugLogHandler:LogFormat (UnityEngine.LogType,UnityEngine.Object,string,object[])
UnityEngine.Logger:Log (UnityEngine.LogType,object)
UnityEngine.Debug:LogError (object)
UnityEditor.EditorAssemblies:ProcessInitializeOnLoadMethodAttributes ()

Mono: successfully reloaded assembly
- Completed reload, in  1.965 seconds
Domain Reload Profiling:
	ReloadAssembly (1966ms)
		BeginReloadAssembly (324ms)
			ExecutionOrderSort (0ms)
			DisableScriptedObjects (14ms)
			BackupInstance (0ms)
			ReleaseScriptingObjects (0ms)
			CreateAndSetChildDomain (78ms)
		EndReloadAssembly (1427ms)
			LoadAssemblies (211ms)
			RebuildTransferFunctionScriptingTraits (0ms)
			SetupTypeCache (404ms)
			ReleaseScriptCaches (2ms)
			RebuildScriptCaches (66ms)
			SetupLoadedEditorAssemblies (711ms)
				LogAssemblyErrors (0ms)
				InitializePlatformSupportModulesInManaged (45ms)
				SetLoadedEditorAssemblies (1ms)
				RefreshPlugins (2ms)
				BeforeProcessingInitializeOnLoad (139ms)
				ProcessInitializeOnLoadAttributes (453ms)
				ProcessInitializeOnLoadMethodAttributes (53ms)
				AfterProcessingInitializeOnLoad (18ms)
				EditorAssembliesLoaded (0ms)
			ExecutionOrderSort2 (0ms)
			AwakeInstancesAfterBackupRestoration (7ms)
Platform modules already initialized, skipping
Refreshing native plugins compatible for Editor in 6.76 ms, found 11 plugins.
Preloading 1 native plugins for Editor in 0.10 ms.
Unloading 4575 Unused Serialized files (Serialized files now loaded: 0)
Unloading 40 unused Assets / (129.1 KB). Loaded Objects now: 5113.
Memory consumption went from 165.5 MB to 165.3 MB.
Total: 3.454600 ms (FindLiveObjects: 0.330800 ms CreateObjectMapping: 0.265600 ms MarkObjects: 2.748000 ms  DeleteObjects: 0.109500 ms)

AssetImportParameters requested are different than current active one (requested -> active):
  custom:video-decoder-ogg-theora: a1e56fd34408186e4bbccfd4996cb3dc -> 
  custom:container-muxer-webm: aa71ff27fc2769a1b78a27578f13a17b -> 
  custom:container-demuxer-webm: 4f35f7cbe854078d1ac9338744f61a02 -> 
  custom:video-encoder-webm-vp8: eb34c28f22e8b96e1ab97ce403110664 -> 
  custom:video-codec-MediaFoundation-h265: 746d11721c4dcdbdad8f713fa42b33f4 -> 
  custom:audio-encoder-webm-vorbis: bf7c407c2cedff20999df2af8eb42d56 -> 
  custom:framework-win-MediaFoundation: 216162199b28c13a410421893ffa2e32 -> 
  custom:container-demuxer-ogg: 62fdf1f143b41e24485cea50d1cbac27 -> 
  custom:video-decoder-webm-vp8: 9c59270c3fd7afecdb556c50c9e8de78 -> 
  custom:audio-decoder-ogg-vorbis: bf7c407c2cedff20999df2af8eb42d56 -> 
========================================================================
Received Prepare
Registering precompiled user dll's ...
Registered in 0.019315 seconds.
Begin MonoManager ReloadAssembly
Symbol file LoadedFromMemory doesn't match image C:\Users\harsh\maze\Library\PackageCache\com.unity.visualscripting@1.7.8\Editor\VisualScripting.Core\Dependencies\DotNetZip\Unity.VisualScripting.IonicZip.dll
Symbol file LoadedFromMemory doesn't match image C:\Users\harsh\maze\Library\PackageCache\com.unity.visualscripting@1.7.8\Editor\VisualScripting.Core\Dependencies\YamlDotNet\Unity.VisualScripting.YamlDotNet.dll
Native extension for WindowsStandalone target not found
Native extension for Android target not found
Native extension for WebGL target not found
Refreshing native plugins compatible for Editor in 0.99 ms, found 11 plugins.
Preloading 1 native plugins for Editor in 0.12 ms.
System.Reflection.TargetInvocationException: Exception has been thrown by the target of an invocation. ---> System.NullReferenceException: Object reference not set to an instance of an object
  at Unity.XR.Oculus.OculusLoader.AssetPathToAbsolutePath (System.String assetPath) [0x0003d] in C:\Users\harsh\maze\Library\PackageCache\com.unity.xr.oculus@3.0.2\Runtime\OculusLoader.cs:271 
  at Unity.XR.Oculus.OculusLoader.EditorLoadOVRPlugin () [0x0007b] in C:\Users\harsh\maze\Library\PackageCache\com.unity.xr.oculus@3.0.2\Runtime\OculusLoader.cs:256 
  at (wrapper managed-to-native) System.Reflection.RuntimeMethodInfo.InternalInvoke(System.Reflection.RuntimeMethodInfo,object,object[],System.Exception&)
  at System.Reflection.RuntimeMethodInfo.Invoke (System.Object obj, System.Reflection.BindingFlags invokeAttr, System.Reflection.Binder binder, System.Object[] parameters, System.Globalization.CultureInfo culture) [0x0006a] in <e40e5a8f982c4b618a930d29f9bd091c>:0 
   --- End of inner exception stack trace ---
  at System.Reflection.RuntimeMethodInfo.Invoke (System.Object obj, System.Reflection.BindingFlags invokeAttr, System.Reflection.Binder binder, System.Object[] parameters, System.Globalization.CultureInfo culture) [0x00083] in <e40e5a8f982c4b618a930d29f9bd091c>:0 
  at System.Reflection.MethodBase.Invoke (System.Object obj, System.Object[] parameters) [0x00000] in <e40e5a8f982c4b618a930d29f9bd091c>:0 
  at UnityEditor.EditorAssemblies.ProcessInitializeOnLoadMethodAttributes () [0x000a5] in <44a70d1b13cf47e29810e30f45ffae08>:0 
UnityEngine.StackTraceUtility:ExtractStackTrace ()
UnityEngine.DebugLogHandler:LogFormat (UnityEngine.LogType,UnityEngine.Object,string,object[])
UnityEngine.Logger:Log (UnityEngine.LogType,object)
UnityEngine.Debug:LogError (object)
UnityEditor.EditorAssemblies:ProcessInitializeOnLoadMethodAttributes ()

Mono: successfully reloaded assembly
- Completed reload, in  1.322 seconds
Domain Reload Profiling:
	ReloadAssembly (1323ms)
		BeginReloadAssembly (164ms)
			ExecutionOrderSort (0ms)
			DisableScriptedObjects (5ms)
			BackupInstance (0ms)
			ReleaseScriptingObjects (0ms)
			CreateAndSetChildDomain (38ms)
		EndReloadAssembly (1032ms)
			LoadAssemblies (122ms)
			RebuildTransferFunctionScriptingTraits (0ms)
			SetupTypeCache (328ms)
			ReleaseScriptCaches (1ms)
			RebuildScriptCaches (42ms)
			SetupLoadedEditorAssemblies (501ms)
				LogAssemblyErrors (0ms)
				InitializePlatformSupportModulesInManaged (28ms)
				SetLoadedEditorAssemblies (1ms)
				RefreshPlugins (1ms)
				BeforeProcessingInitializeOnLoad (130ms)
				ProcessInitializeOnLoadAttributes (294ms)
				ProcessInitializeOnLoadMethodAttributes (35ms)
				AfterProcessingInitializeOnLoad (12ms)
				EditorAssembliesLoaded (0ms)
			ExecutionOrderSort2 (0ms)
			AwakeInstancesAfterBackupRestoration (5ms)
Platform modules already initialized, skipping
Refreshing native plugins compatible for Editor in 6.35 ms, found 11 plugins.
Preloading 1 native plugins for Editor in 0.10 ms.
Unloading 4575 Unused Serialized files (Serialized files now loaded: 0)
Unloading 40 unused Assets / (114.0 KB). Loaded Objects now: 5117.
Memory consumption went from 165.5 MB to 165.4 MB.
Total: 3.792600 ms (FindLiveObjects: 0.368300 ms CreateObjectMapping: 0.376300 ms MarkObjects: 2.940600 ms  DeleteObjects: 0.106800 ms)

AssetImportParameters requested are different than current active one (requested -> active):
  custom:video-decoder-ogg-theora: a1e56fd34408186e4bbccfd4996cb3dc -> 
  custom:container-muxer-webm: aa71ff27fc2769a1b78a27578f13a17b -> 
  custom:container-demuxer-webm: 4f35f7cbe854078d1ac9338744f61a02 -> 
  custom:video-encoder-webm-vp8: eb34c28f22e8b96e1ab97ce403110664 -> 
  custom:video-codec-MediaFoundation-h265: 746d11721c4dcdbdad8f713fa42b33f4 -> 
  custom:audio-encoder-webm-vorbis: bf7c407c2cedff20999df2af8eb42d56 -> 
  custom:framework-win-MediaFoundation: 216162199b28c13a410421893ffa2e32 -> 
  custom:container-demuxer-ogg: 62fdf1f143b41e24485cea50d1cbac27 -> 
  custom:video-decoder-webm-vp8: 9c59270c3fd7afecdb556c50c9e8de78 -> 
  custom:audio-decoder-ogg-vorbis: bf7c407c2cedff20999df2af8eb42d56 -> 
========================================================================
Received Import Request.
  Time since last request: 495.095148 seconds.
  path: Assets/XRI/Settings/Resources/InteractionLayerSettings.asset
  artifactKey: Guid(b3ddfeb7fb6a80044a9b1f0e9c2717b1) Importer(815301076,1909f56bfc062723c751e8b465ee728b)
Start importing Assets/XRI/Settings/Resources/InteractionLayerSettings.asset using Guid(b3ddfeb7fb6a80044a9b1f0e9c2717b1) Importer(815301076,1909f56bfc062723c751e8b465ee728b)  -> (artifact id: '8723406c78292c789f955e3e9f5396b2') in 0.020793 seconds 
========================================================================
Received Prepare
Registering precompiled user dll's ...
Registered in 0.014281 seconds.
Begin MonoManager ReloadAssembly
Symbol file LoadedFromMemory doesn't match image C:\Users\harsh\maze\Library\PackageCache\com.unity.visualscripting@1.7.8\Editor\VisualScripting.Core\Dependencies\DotNetZip\Unity.VisualScripting.IonicZip.dll
Symbol file LoadedFromMemory doesn't match image C:\Users\harsh\maze\Library\PackageCache\com.unity.visualscripting@1.7.8\Editor\VisualScripting.Core\Dependencies\YamlDotNet\Unity.VisualScripting.YamlDotNet.dll
Native extension for WindowsStandalone target not found
Native extension for Android target not found
Native extension for WebGL target not found
Refreshing native plugins compatible for Editor in 0.89 ms, found 11 plugins.
Preloading 1 native plugins for Editor in 0.10 ms.
System.Reflection.TargetInvocationException: Exception has been thrown by the target of an invocation. ---> System.NullReferenceException: Object reference not set to an instance of an object
  at Unity.XR.Oculus.OculusLoader.AssetPathToAbsolutePath (System.String assetPath) [0x0003d] in C:\Users\harsh\maze\Library\PackageCache\com.unity.xr.oculus@3.0.2\Runtime\OculusLoader.cs:271 
  at Unity.XR.Oculus.OculusLoader.EditorLoadOVRPlugin () [0x0007b] in C:\Users\harsh\maze\Library\PackageCache\com.unity.xr.oculus@3.0.2\Runtime\OculusLoader.cs:256 
  at (wrapper managed-to-native) System.Reflection.RuntimeMethodInfo.InternalInvoke(System.Reflection.RuntimeMethodInfo,object,object[],System.Exception&)
  at System.Reflection.RuntimeMethodInfo.Invoke (System.Object obj, System.Reflection.BindingFlags invokeAttr, System.Reflection.Binder binder, System.Object[] parameters, System.Globalization.CultureInfo culture) [0x0006a] in <e40e5a8f982c4b618a930d29f9bd091c>:0 
   --- End of inner exception stack trace ---
  at System.Reflection.RuntimeMethodInfo.Invoke (System.Object obj, System.Reflection.BindingFlags invokeAttr, System.Reflection.Binder binder, System.Object[] parameters, System.Globalization.CultureInfo culture) [0x00083] in <e40e5a8f982c4b618a930d29f9bd091c>:0 
  at System.Reflection.MethodBase.Invoke (System.Object obj, System.Object[] parameters) [0x00000] in <e40e5a8f982c4b618a930d29f9bd091c>:0 
  at UnityEditor.EditorAssemblies.ProcessInitializeOnLoadMethodAttributes () [0x000a5] in <44a70d1b13cf47e29810e30f45ffae08>:0 
UnityEngine.StackTraceUtility:ExtractStackTrace ()
UnityEngine.DebugLogHandler:LogFormat (UnityEngine.LogType,UnityEngine.Object,string,object[])
UnityEngine.Logger:Log (UnityEngine.LogType,object)
UnityEngine.Debug:LogError (object)
UnityEditor.EditorAssemblies:ProcessInitializeOnLoadMethodAttributes ()

Mono: successfully reloaded assembly
- Completed reload, in  1.233 seconds
Domain Reload Profiling:
	ReloadAssembly (1234ms)
		BeginReloadAssembly (155ms)
			ExecutionOrderSort (0ms)
			DisableScriptedObjects (4ms)
			BackupInstance (0ms)
			ReleaseScriptingObjects (0ms)
			CreateAndSetChildDomain (43ms)
		EndReloadAssembly (963ms)
			LoadAssemblies (115ms)
			RebuildTransferFunctionScriptingTraits (0ms)
			SetupTypeCache (311ms)
			ReleaseScriptCaches (2ms)
			RebuildScriptCaches (53ms)
			SetupLoadedEditorAssemblies (437ms)
				LogAssemblyErrors (0ms)
				InitializePlatformSupportModulesInManaged (25ms)
				SetLoadedEditorAssemblies (0ms)
				RefreshPlugins (1ms)
				BeforeProcessingInitializeOnLoad (97ms)
				ProcessInitializeOnLoadAttributes (265ms)
				ProcessInitializeOnLoadMethodAttributes (34ms)
				AfterProcessingInitializeOnLoad (15ms)
				EditorAssembliesLoaded (0ms)
			ExecutionOrderSort2 (0ms)
			AwakeInstancesAfterBackupRestoration (5ms)
Platform modules already initialized, skipping
Refreshing native plugins compatible for Editor in 5.57 ms, found 11 plugins.
Preloading 1 native plugins for Editor in 0.09 ms.
Unloading 4575 Unused Serialized files (Serialized files now loaded: 0)
Unloading 40 unused Assets / (121.4 KB). Loaded Objects now: 5121.
Memory consumption went from 165.5 MB to 165.4 MB.
Total: 2.986900 ms (FindLiveObjects: 0.297800 ms CreateObjectMapping: 0.221200 ms MarkObjects: 2.365000 ms  DeleteObjects: 0.102200 ms)

AssetImportParameters requested are different than current active one (requested -> active):
  custom:video-decoder-ogg-theora: a1e56fd34408186e4bbccfd4996cb3dc -> 
  custom:container-muxer-webm: aa71ff27fc2769a1b78a27578f13a17b -> 
  custom:container-demuxer-webm: 4f35f7cbe854078d1ac9338744f61a02 -> 
  custom:video-encoder-webm-vp8: eb34c28f22e8b96e1ab97ce403110664 -> 
  custom:video-codec-MediaFoundation-h265: 746d11721c4dcdbdad8f713fa42b33f4 -> 
  custom:audio-encoder-webm-vorbis: bf7c407c2cedff20999df2af8eb42d56 -> 
  custom:framework-win-MediaFoundation: 216162199b28c13a410421893ffa2e32 -> 
  custom:container-demuxer-ogg: 62fdf1f143b41e24485cea50d1cbac27 -> 
  custom:video-decoder-webm-vp8: 9c59270c3fd7afecdb556c50c9e8de78 -> 
  custom:audio-decoder-ogg-vorbis: bf7c407c2cedff20999df2af8eb42d56 -> 
========================================================================
Received Prepare
Registering precompiled user dll's ...
Registered in 0.014377 seconds.
Begin MonoManager ReloadAssembly
Symbol file LoadedFromMemory doesn't match image C:\Users\harsh\maze\Library\PackageCache\com.unity.visualscripting@1.7.8\Editor\VisualScripting.Core\Dependencies\DotNetZip\Unity.VisualScripting.IonicZip.dll
Symbol file LoadedFromMemory doesn't match image C:\Users\harsh\maze\Library\PackageCache\com.unity.visualscripting@1.7.8\Editor\VisualScripting.Core\Dependencies\YamlDotNet\Unity.VisualScripting.YamlDotNet.dll
Native extension for WindowsStandalone target not found
Native extension for Android target not found
Native extension for WebGL target not found
Refreshing native plugins compatible for Editor in 1.05 ms, found 11 plugins.
Preloading 1 native plugins for Editor in 0.14 ms.
System.Reflection.TargetInvocationException: Exception has been thrown by the target of an invocation. ---> System.NullReferenceException: Object reference not set to an instance of an object
  at Unity.XR.Oculus.OculusLoader.AssetPathToAbsolutePath (System.String assetPath) [0x0003d] in C:\Users\harsh\maze\Library\PackageCache\com.unity.xr.oculus@3.0.2\Runtime\OculusLoader.cs:271 
  at Unity.XR.Oculus.OculusLoader.EditorLoadOVRPlugin () [0x0007b] in C:\Users\harsh\maze\Library\PackageCache\com.unity.xr.oculus@3.0.2\Runtime\OculusLoader.cs:256 
  at (wrapper managed-to-native) System.Reflection.RuntimeMethodInfo.InternalInvoke(System.Reflection.RuntimeMethodInfo,object,object[],System.Exception&)
  at System.Reflection.RuntimeMethodInfo.Invoke (System.Object obj, System.Reflection.BindingFlags invokeAttr, System.Reflection.Binder binder, System.Object[] parameters, System.Globalization.CultureInfo culture) [0x0006a] in <e40e5a8f982c4b618a930d29f9bd091c>:0 
   --- End of inner exception stack trace ---
  at System.Reflection.RuntimeMethodInfo.Invoke (System.Object obj, System.Reflection.BindingFlags invokeAttr, System.Reflection.Binder binder, System.Object[] parameters, System.Globalization.CultureInfo culture) [0x00083] in <e40e5a8f982c4b618a930d29f9bd091c>:0 
  at System.Reflection.MethodBase.Invoke (System.Object obj, System.Object[] parameters) [0x00000] in <e40e5a8f982c4b618a930d29f9bd091c>:0 
  at UnityEditor.EditorAssemblies.ProcessInitializeOnLoadMethodAttributes () [0x000a5] in <44a70d1b13cf47e29810e30f45ffae08>:0 
UnityEngine.StackTraceUtility:ExtractStackTrace ()
UnityEngine.DebugLogHandler:LogFormat (UnityEngine.LogType,UnityEngine.Object,string,object[])
UnityEngine.Logger:Log (UnityEngine.LogType,object)
UnityEngine.Debug:LogError (object)
UnityEditor.EditorAssemblies:ProcessInitializeOnLoadMethodAttributes ()

Mono: successfully reloaded assembly
- Completed reload, in  1.213 seconds
Domain Reload Profiling:
	ReloadAssembly (1214ms)
		BeginReloadAssembly (152ms)
			ExecutionOrderSort (0ms)
			DisableScriptedObjects (4ms)
			BackupInstance (0ms)
			ReleaseScriptingObjects (0ms)
			CreateAndSetChildDomain (36ms)
		EndReloadAssembly (956ms)
			LoadAssemblies (114ms)
			RebuildTransferFunctionScriptingTraits (0ms)
			SetupTypeCache (297ms)
			ReleaseScriptCaches (1ms)
			RebuildScriptCaches (44ms)
			SetupLoadedEditorAssemblies (457ms)
				LogAssemblyErrors (0ms)
				InitializePlatformSupportModulesInManaged (25ms)
				SetLoadedEditorAssemblies (0ms)
				RefreshPlugins (1ms)
				BeforeProcessingInitializeOnLoad (111ms)
				ProcessInitializeOnLoadAttributes (269ms)
				ProcessInitializeOnLoadMethodAttributes (37ms)
				AfterProcessingInitializeOnLoad (14ms)
				EditorAssembliesLoaded (0ms)
			ExecutionOrderSort2 (0ms)
			AwakeInstancesAfterBackupRestoration (5ms)
Platform modules already initialized, skipping
Refreshing native plugins compatible for Editor in 5.69 ms, found 11 plugins.
Preloading 1 native plugins for Editor in 0.09 ms.
Unloading 4575 Unused Serialized files (Serialized files now loaded: 0)
Unloading 40 unused Assets / (114.0 KB). Loaded Objects now: 5125.
Memory consumption went from 165.3 MB to 165.2 MB.
Total: 3.005500 ms (FindLiveObjects: 0.307200 ms CreateObjectMapping: 0.268500 ms MarkObjects: 2.330700 ms  DeleteObjects: 0.098300 ms)

AssetImportParameters requested are different than current active one (requested -> active):
  custom:video-decoder-ogg-theora: a1e56fd34408186e4bbccfd4996cb3dc -> 
  custom:container-muxer-webm: aa71ff27fc2769a1b78a27578f13a17b -> 
  custom:container-demuxer-webm: 4f35f7cbe854078d1ac9338744f61a02 -> 
  custom:video-encoder-webm-vp8: eb34c28f22e8b96e1ab97ce403110664 -> 
  custom:video-codec-MediaFoundation-h265: 746d11721c4dcdbdad8f713fa42b33f4 -> 
  custom:audio-encoder-webm-vorbis: bf7c407c2cedff20999df2af8eb42d56 -> 
  custom:framework-win-MediaFoundation: 216162199b28c13a410421893ffa2e32 -> 
  custom:container-demuxer-ogg: 62fdf1f143b41e24485cea50d1cbac27 -> 
  custom:video-decoder-webm-vp8: 9c59270c3fd7afecdb556c50c9e8de78 -> 
  custom:audio-decoder-ogg-vorbis: bf7c407c2cedff20999df2af8eb42d56 -> 
========================================================================
Received Import Request.
  Time since last request: 933.553940 seconds.
  path: ProjectSettings/TagManager.asset
  artifactKey: Guid(00000000000000003000000000000000) Importer(815301076,1909f56bfc062723c751e8b465ee728b)
Start importing ProjectSettings/TagManager.asset using Guid(00000000000000003000000000000000) Importer(815301076,1909f56bfc062723c751e8b465ee728b)  -> (artifact id: '5f74b9f0782f3ffe8a654b2b60a9f33c') in 0.023572 seconds 
========================================================================
Received Prepare
Registering precompiled user dll's ...
Registered in 0.013357 seconds.
Begin MonoManager ReloadAssembly
Symbol file LoadedFromMemory doesn't match image C:\Users\harsh\maze\Library\PackageCache\com.unity.visualscripting@1.7.8\Editor\VisualScripting.Core\Dependencies\DotNetZip\Unity.VisualScripting.IonicZip.dll
Symbol file LoadedFromMemory doesn't match image C:\Users\harsh\maze\Library\PackageCache\com.unity.visualscripting@1.7.8\Editor\VisualScripting.Core\Dependencies\YamlDotNet\Unity.VisualScripting.YamlDotNet.dll
Native extension for WindowsStandalone target not found
Native extension for Android target not found
Native extension for WebGL target not found
Refreshing native plugins compatible for Editor in 0.85 ms, found 11 plugins.
Preloading 1 native plugins for Editor in 0.12 ms.
System.Reflection.TargetInvocationException: Exception has been thrown by the target of an invocation. ---> System.NullReferenceException: Object reference not set to an instance of an object
  at Unity.XR.Oculus.OculusLoader.AssetPathToAbsolutePath (System.String assetPath) [0x0003d] in C:\Users\harsh\maze\Library\PackageCache\com.unity.xr.oculus@3.0.2\Runtime\OculusLoader.cs:271 
  at Unity.XR.Oculus.OculusLoader.EditorLoadOVRPlugin () [0x0007b] in C:\Users\harsh\maze\Library\PackageCache\com.unity.xr.oculus@3.0.2\Runtime\OculusLoader.cs:256 
  at (wrapper managed-to-native) System.Reflection.RuntimeMethodInfo.InternalInvoke(System.Reflection.RuntimeMethodInfo,object,object[],System.Exception&)
  at System.Reflection.RuntimeMethodInfo.Invoke (System.Object obj, System.Reflection.BindingFlags invokeAttr, System.Reflection.Binder binder, System.Object[] parameters, System.Globalization.CultureInfo culture) [0x0006a] in <e40e5a8f982c4b618a930d29f9bd091c>:0 
   --- End of inner exception stack trace ---
  at System.Reflection.RuntimeMethodInfo.Invoke (System.Object obj, System.Reflection.BindingFlags invokeAttr, System.Reflection.Binder binder, System.Object[] parameters, System.Globalization.CultureInfo culture) [0x00083] in <e40e5a8f982c4b618a930d29f9bd091c>:0 
  at System.Reflection.MethodBase.Invoke (System.Object obj, System.Object[] parameters) [0x00000] in <e40e5a8f982c4b618a930d29f9bd091c>:0 
  at UnityEditor.EditorAssemblies.ProcessInitializeOnLoadMethodAttributes () [0x000a5] in <44a70d1b13cf47e29810e30f45ffae08>:0 
UnityEngine.StackTraceUtility:ExtractStackTrace ()
UnityEngine.DebugLogHandler:LogFormat (UnityEngine.LogType,UnityEngine.Object,string,object[])
UnityEngine.Logger:Log (UnityEngine.LogType,object)
UnityEngine.Debug:LogError (object)
UnityEditor.EditorAssemblies:ProcessInitializeOnLoadMethodAttributes ()

Mono: successfully reloaded assembly
- Completed reload, in  1.294 seconds
Domain Reload Profiling:
	ReloadAssembly (1294ms)
		BeginReloadAssembly (155ms)
			ExecutionOrderSort (0ms)
			DisableScriptedObjects (5ms)
			BackupInstance (0ms)
			ReleaseScriptingObjects (0ms)
			CreateAndSetChildDomain (39ms)
		EndReloadAssembly (1003ms)
			LoadAssemblies (117ms)
			RebuildTransferFunctionScriptingTraits (0ms)
			SetupTypeCache (319ms)
			ReleaseScriptCaches (1ms)
			RebuildScriptCaches (42ms)
			SetupLoadedEditorAssemblies (470ms)
				LogAssemblyErrors (0ms)
				InitializePlatformSupportModulesInManaged (24ms)
				SetLoadedEditorAssemblies (0ms)
				RefreshPlugins (1ms)
				BeforeProcessingInitializeOnLoad (112ms)
				ProcessInitializeOnLoadAttributes (283ms)
				ProcessInitializeOnLoadMethodAttributes (36ms)
				AfterProcessingInitializeOnLoad (13ms)
				EditorAssembliesLoaded (0ms)
			ExecutionOrderSort2 (0ms)
			AwakeInstancesAfterBackupRestoration (6ms)
Platform modules already initialized, skipping
Refreshing native plugins compatible for Editor in 7.51 ms, found 11 plugins.
Preloading 1 native plugins for Editor in 0.16 ms.
Unloading 4575 Unused Serialized files (Serialized files now loaded: 0)
Unloading 41 unused Assets / (129.2 KB). Loaded Objects now: 5129.
Memory consumption went from 165.3 MB to 165.2 MB.
Total: 4.355100 ms (FindLiveObjects: 0.342900 ms CreateObjectMapping: 0.324700 ms MarkObjects: 3.460100 ms  DeleteObjects: 0.226400 ms)

AssetImportParameters requested are different than current active one (requested -> active):
  custom:video-decoder-ogg-theora: a1e56fd34408186e4bbccfd4996cb3dc -> 
  custom:container-muxer-webm: aa71ff27fc2769a1b78a27578f13a17b -> 
  custom:container-demuxer-webm: 4f35f7cbe854078d1ac9338744f61a02 -> 
  custom:video-encoder-webm-vp8: eb34c28f22e8b96e1ab97ce403110664 -> 
  custom:video-codec-MediaFoundation-h265: 746d11721c4dcdbdad8f713fa42b33f4 -> 
  custom:audio-encoder-webm-vorbis: bf7c407c2cedff20999df2af8eb42d56 -> 
  custom:framework-win-MediaFoundation: 216162199b28c13a410421893ffa2e32 -> 
  custom:container-demuxer-ogg: 62fdf1f143b41e24485cea50d1cbac27 -> 
  custom:video-decoder-webm-vp8: 9c59270c3fd7afecdb556c50c9e8de78 -> 
  custom:audio-decoder-ogg-vorbis: bf7c407c2cedff20999df2af8eb42d56 -> 
========================================================================
Received Prepare
Registering precompiled user dll's ...
Registered in 0.017439 seconds.
Begin MonoManager ReloadAssembly
Symbol file LoadedFromMemory doesn't match image C:\Users\harsh\maze\Library\PackageCache\com.unity.visualscripting@1.7.8\Editor\VisualScripting.Core\Dependencies\DotNetZip\Unity.VisualScripting.IonicZip.dll
Symbol file LoadedFromMemory doesn't match image C:\Users\harsh\maze\Library\PackageCache\com.unity.visualscripting@1.7.8\Editor\VisualScripting.Core\Dependencies\YamlDotNet\Unity.VisualScripting.YamlDotNet.dll
Native extension for WindowsStandalone target not found
Native extension for Android target not found
Native extension for WebGL target not found
Refreshing native plugins compatible for Editor in 0.93 ms, found 11 plugins.
Preloading 1 native plugins for Editor in 0.12 ms.
System.Reflection.TargetInvocationException: Exception has been thrown by the target of an invocation. ---> System.NullReferenceException: Object reference not set to an instance of an object
  at Unity.XR.Oculus.OculusLoader.AssetPathToAbsolutePath (System.String assetPath) [0x0003d] in C:\Users\harsh\maze\Library\PackageCache\com.unity.xr.oculus@3.0.2\Runtime\OculusLoader.cs:271 
  at Unity.XR.Oculus.OculusLoader.EditorLoadOVRPlugin () [0x0007b] in C:\Users\harsh\maze\Library\PackageCache\com.unity.xr.oculus@3.0.2\Runtime\OculusLoader.cs:256 
  at (wrapper managed-to-native) System.Reflection.RuntimeMethodInfo.InternalInvoke(System.Reflection.RuntimeMethodInfo,object,object[],System.Exception&)
  at System.Reflection.RuntimeMethodInfo.Invoke (System.Object obj, System.Reflection.BindingFlags invokeAttr, System.Reflection.Binder binder, System.Object[] parameters, System.Globalization.CultureInfo culture) [0x0006a] in <e40e5a8f982c4b618a930d29f9bd091c>:0 
   --- End of inner exception stack trace ---
  at System.Reflection.RuntimeMethodInfo.Invoke (System.Object obj, System.Reflection.BindingFlags invokeAttr, System.Reflection.Binder binder, System.Object[] parameters, System.Globalization.CultureInfo culture) [0x00083] in <e40e5a8f982c4b618a930d29f9bd091c>:0 
  at System.Reflection.MethodBase.Invoke (System.Object obj, System.Object[] parameters) [0x00000] in <e40e5a8f982c4b618a930d29f9bd091c>:0 
  at UnityEditor.EditorAssemblies.ProcessInitializeOnLoadMethodAttributes () [0x000a5] in <44a70d1b13cf47e29810e30f45ffae08>:0 
UnityEngine.StackTraceUtility:ExtractStackTrace ()
UnityEngine.DebugLogHandler:LogFormat (UnityEngine.LogType,UnityEngine.Object,string,object[])
UnityEngine.Logger:Log (UnityEngine.LogType,object)
UnityEngine.Debug:LogError (object)
UnityEditor.EditorAssemblies:ProcessInitializeOnLoadMethodAttributes ()

Mono: successfully reloaded assembly
- Completed reload, in  1.422 seconds
Domain Reload Profiling:
	ReloadAssembly (1422ms)
		BeginReloadAssembly (166ms)
			ExecutionOrderSort (0ms)
			DisableScriptedObjects (5ms)
			BackupInstance (0ms)
			ReleaseScriptingObjects (0ms)
			CreateAndSetChildDomain (37ms)
		EndReloadAssembly (1114ms)
			LoadAssemblies (128ms)
			RebuildTransferFunctionScriptingTraits (0ms)
			SetupTypeCache (331ms)
			ReleaseScriptCaches (1ms)
			RebuildScriptCaches (47ms)
			SetupLoadedEditorAssemblies (559ms)
				LogAssemblyErrors (0ms)
				InitializePlatformSupportModulesInManaged (33ms)
				SetLoadedEditorAssemblies (1ms)
				RefreshPlugins (1ms)
				BeforeProcessingInitializeOnLoad (112ms)
				ProcessInitializeOnLoadAttributes (352ms)
				ProcessInitializeOnLoadMethodAttributes (46ms)
				AfterProcessingInitializeOnLoad (15ms)
				EditorAssembliesLoaded (0ms)
			ExecutionOrderSort2 (0ms)
			AwakeInstancesAfterBackupRestoration (8ms)
Platform modules already initialized, skipping
Refreshing native plugins compatible for Editor in 6.96 ms, found 11 plugins.
Preloading 1 native plugins for Editor in 0.10 ms.
Unloading 4575 Unused Serialized files (Serialized files now loaded: 0)
Unloading 40 unused Assets / (114.0 KB). Loaded Objects now: 5133.
Memory consumption went from 165.3 MB to 165.2 MB.
Total: 3.616600 ms (FindLiveObjects: 0.427200 ms CreateObjectMapping: 0.488900 ms MarkObjects: 2.590500 ms  DeleteObjects: 0.109200 ms)

AssetImportParameters requested are different than current active one (requested -> active):
  custom:video-decoder-ogg-theora: a1e56fd34408186e4bbccfd4996cb3dc -> 
  custom:container-muxer-webm: aa71ff27fc2769a1b78a27578f13a17b -> 
  custom:container-demuxer-webm: 4f35f7cbe854078d1ac9338744f61a02 -> 
  custom:video-encoder-webm-vp8: eb34c28f22e8b96e1ab97ce403110664 -> 
  custom:video-codec-MediaFoundation-h265: 746d11721c4dcdbdad8f713fa42b33f4 -> 
  custom:audio-encoder-webm-vorbis: bf7c407c2cedff20999df2af8eb42d56 -> 
  custom:framework-win-MediaFoundation: 216162199b28c13a410421893ffa2e32 -> 
  custom:container-demuxer-ogg: 62fdf1f143b41e24485cea50d1cbac27 -> 
  custom:video-decoder-webm-vp8: 9c59270c3fd7afecdb556c50c9e8de78 -> 
  custom:audio-decoder-ogg-vorbis: bf7c407c2cedff20999df2af8eb42d56 -> 
========================================================================
Received Import Request.
  Time since last request: 330.493812 seconds.
  path: ProjectSettings/TagManager.asset
  artifactKey: Guid(00000000000000003000000000000000) Importer(815301076,1909f56bfc062723c751e8b465ee728b)
Start importing ProjectSettings/TagManager.asset using Guid(00000000000000003000000000000000) Importer(815301076,1909f56bfc062723c751e8b465ee728b)  -> (artifact id: 'f279f24ab9c93d8fd5558b942f70d29d') in 0.019184 seconds 
========================================================================
Received Import Request.
  Time since last request: 1031.798767 seconds.
  path: Assets/prefabs
  artifactKey: Guid(6a8b1b65b52c8714bbf6ecf519f5400c) Importer(815301076,1909f56bfc062723c751e8b465ee728b)
Start importing Assets/prefabs using Guid(6a8b1b65b52c8714bbf6ecf519f5400c) Importer(815301076,1909f56bfc062723c751e8b465ee728b)  -> (artifact id: '776f400ad4b7fc86fc7c74cd91af2cbd') in 0.005938 seconds 
========================================================================
Received Import Request.
  Time since last request: 2.371131 seconds.
  path: Assets/prefabs/Cube.prefab
  artifactKey: Guid(721a35b4edda4154d815808a8b45ed23) Importer(815301076,1909f56bfc062723c751e8b465ee728b)
Start importing Assets/prefabs/Cube.prefab using Guid(721a35b4edda4154d815808a8b45ed23) Importer(815301076,1909f56bfc062723c751e8b465ee728b)  -> (artifact id: '62fef18475548d0255e9da0455e31ec5') in 0.053593 seconds 
========================================================================
Received Import Request.
  Time since last request: 22.790109 seconds.
  path: Assets/prefabs/Cube.prefab
  artifactKey: Guid(721a35b4edda4154d815808a8b45ed23) Importer(815301076,1909f56bfc062723c751e8b465ee728b)
Start importing Assets/prefabs/Cube.prefab using Guid(721a35b4edda4154d815808a8b45ed23) Importer(815301076,1909f56bfc062723c751e8b465ee728b)  -> (artifact id: '079346f1b26b9930779ac68aea2f766a') in 0.005588 seconds 
========================================================================
Received Import Request.
  Time since last request: 1.260046 seconds.
  path: Assets/prefabs/Cube.prefab
  artifactKey: Guid(721a35b4edda4154d815808a8b45ed23) Importer(815301076,1909f56bfc062723c751e8b465ee728b)
Start importing Assets/prefabs/Cube.prefab using Guid(721a35b4edda4154d815808a8b45ed23) Importer(815301076,1909f56bfc062723c751e8b465ee728b)  -> (artifact id: 'c265275cad8e154399df68556bc35f1a') in 0.004937 seconds 
========================================================================
Received Import Request.
  Time since last request: 1.238112 seconds.
  path: Assets/prefabs/Cube.prefab
  artifactKey: Guid(721a35b4edda4154d815808a8b45ed23) Importer(815301076,1909f56bfc062723c751e8b465ee728b)
Start importing Assets/prefabs/Cube.prefab using Guid(721a35b4edda4154d815808a8b45ed23) Importer(815301076,1909f56bfc062723c751e8b465ee728b)  -> (artifact id: '5c21fb305748048213e33f7e03ddc50c') in 0.005959 seconds 
========================================================================
Received Import Request.
  Time since last request: 16.778937 seconds.
  path: Assets/prefabs/Cube.prefab
  artifactKey: Guid(721a35b4edda4154d815808a8b45ed23) Importer(815301076,1909f56bfc062723c751e8b465ee728b)
Start importing Assets/prefabs/Cube.prefab using Guid(721a35b4edda4154d815808a8b45ed23) Importer(815301076,1909f56bfc062723c751e8b465ee728b)  -> (artifact id: 'c3ecfc765d3044621901c5060b61c89c') in 0.006665 seconds 
========================================================================
Received Import Request.
  Time since last request: 4.628045 seconds.
  path: Assets/prefabs/Cube.prefab
  artifactKey: Guid(721a35b4edda4154d815808a8b45ed23) Importer(815301076,1909f56bfc062723c751e8b465ee728b)
Start importing Assets/prefabs/Cube.prefab using Guid(721a35b4edda4154d815808a8b45ed23) Importer(815301076,1909f56bfc062723c751e8b465ee728b)  -> (artifact id: '68e39a7750add295ef3c3a1df170a203') in 0.005285 seconds 
========================================================================
Received Import Request.
  Time since last request: 16.287134 seconds.
  path: Assets/prefabs/Cube.prefab
  artifactKey: Guid(721a35b4edda4154d815808a8b45ed23) Importer(815301076,1909f56bfc062723c751e8b465ee728b)
Start importing Assets/prefabs/Cube.prefab using Guid(721a35b4edda4154d815808a8b45ed23) Importer(815301076,1909f56bfc062723c751e8b465ee728b)  -> (artifact id: 'f904e72ec547f49793936a7e7ab2a69e') in 0.005170 seconds 
========================================================================
Received Import Request.
  Time since last request: 22.014654 seconds.
  path: Assets/prefabs/Cube.prefab
  artifactKey: Guid(721a35b4edda4154d815808a8b45ed23) Importer(815301076,1909f56bfc062723c751e8b465ee728b)
Start importing Assets/prefabs/Cube.prefab using Guid(721a35b4edda4154d815808a8b45ed23) Importer(815301076,1909f56bfc062723c751e8b465ee728b)  -> (artifact id: '765b2662aede29d1cb2873be55f9709b') in 0.005470 seconds 
========================================================================
Received Import Request.
  Time since last request: 4.375053 seconds.
  path: Assets/PolygonStarter/Models/SM_Veh_Plane_Stunt_01.fbx
  artifactKey: Guid(89cfb46882e163d428cb9f3d79ae2393) Importer(815301076,1909f56bfc062723c751e8b465ee728b)
Start importing Assets/PolygonStarter/Models/SM_Veh_Plane_Stunt_01.fbx using Guid(89cfb46882e163d428cb9f3d79ae2393) Importer(815301076,1909f56bfc062723c751e8b465ee728b)  -> (artifact id: '562bd8340a7b9d52d580b9a94690f334') in 0.130229 seconds 
========================================================================
Received Import Request.
  Time since last request: 37.229039 seconds.
  path: Assets/prefabs/Cube.prefab
  artifactKey: Guid(721a35b4edda4154d815808a8b45ed23) Importer(815301076,1909f56bfc062723c751e8b465ee728b)
Start importing Assets/prefabs/Cube.prefab using Guid(721a35b4edda4154d815808a8b45ed23) Importer(815301076,1909f56bfc062723c751e8b465ee728b)  -> (artifact id: 'bc69fa6f24db11c3e95691c439614330') in 0.012269 seconds 
========================================================================
Received Import Request.
  Time since last request: 4.006897 seconds.
  path: Assets/prefabs/Cube.prefab
  artifactKey: Guid(721a35b4edda4154d815808a8b45ed23) Importer(815301076,1909f56bfc062723c751e8b465ee728b)
Start importing Assets/prefabs/Cube.prefab using Guid(721a35b4edda4154d815808a8b45ed23) Importer(815301076,1909f56bfc062723c751e8b465ee728b)  -> (artifact id: '20ba31ed41bedac716f7ecc61b07967c') in 0.009317 seconds 
========================================================================
Received Import Request.
  Time since last request: 10.763136 seconds.
  path: Assets/prefabs/Cube.prefab
  artifactKey: Guid(721a35b4edda4154d815808a8b45ed23) Importer(815301076,1909f56bfc062723c751e8b465ee728b)
Start importing Assets/prefabs/Cube.prefab using Guid(721a35b4edda4154d815808a8b45ed23) Importer(815301076,1909f56bfc062723c751e8b465ee728b)  -> (artifact id: '1f7f9cfc1ba918de06ecbdbf3998f5c9') in 0.006534 seconds 
========================================================================
Received Import Request.
  Time since last request: 1.693202 seconds.
  path: Assets/prefabs/Cube.prefab
  artifactKey: Guid(721a35b4edda4154d815808a8b45ed23) Importer(815301076,1909f56bfc062723c751e8b465ee728b)
Start importing Assets/prefabs/Cube.prefab using Guid(721a35b4edda4154d815808a8b45ed23) Importer(815301076,1909f56bfc062723c751e8b465ee728b)  -> (artifact id: '6485dfab0bf638b0ae3c651abf1389e4') in 0.005971 seconds 
========================================================================
Received Import Request.
  Time since last request: 5.174106 seconds.
  path: Assets/prefabs/Cube.prefab
  artifactKey: Guid(721a35b4edda4154d815808a8b45ed23) Importer(815301076,1909f56bfc062723c751e8b465ee728b)
Start importing Assets/prefabs/Cube.prefab using Guid(721a35b4edda4154d815808a8b45ed23) Importer(815301076,1909f56bfc062723c751e8b465ee728b)  -> (artifact id: '85bc6267d3dd38c14ef35552edb4acbf') in 0.005913 seconds 
========================================================================
Received Import Request.
  Time since last request: 3.010905 seconds.
  path: Assets/prefabs/Cube.prefab
  artifactKey: Guid(721a35b4edda4154d815808a8b45ed23) Importer(815301076,1909f56bfc062723c751e8b465ee728b)
Start importing Assets/prefabs/Cube.prefab using Guid(721a35b4edda4154d815808a8b45ed23) Importer(815301076,1909f56bfc062723c751e8b465ee728b)  -> (artifact id: '94ab2bf67cf38adef8bb4c931a7069db') in 0.008228 seconds 
========================================================================
Received Import Request.
  Time since last request: 5.828332 seconds.
  path: Assets/prefabs/Cube.prefab
  artifactKey: Guid(721a35b4edda4154d815808a8b45ed23) Importer(815301076,1909f56bfc062723c751e8b465ee728b)
Start importing Assets/prefabs/Cube.prefab using Guid(721a35b4edda4154d815808a8b45ed23) Importer(815301076,1909f56bfc062723c751e8b465ee728b)  -> (artifact id: '5fe308f906111803456612d3f1ff9ba3') in 0.006636 seconds 
========================================================================
Received Import Request.
  Time since last request: 23.000635 seconds.
  path: Assets/prefabs/Cube.prefab
  artifactKey: Guid(721a35b4edda4154d815808a8b45ed23) Importer(815301076,1909f56bfc062723c751e8b465ee728b)
Start importing Assets/prefabs/Cube.prefab using Guid(721a35b4edda4154d815808a8b45ed23) Importer(815301076,1909f56bfc062723c751e8b465ee728b)  -> (artifact id: '9234a34ec918ec8d3bb6a5459d090aa7') in 0.006556 seconds 
========================================================================
Received Import Request.
  Time since last request: 2.057210 seconds.
  path: Assets/prefabs/Cube.prefab
  artifactKey: Guid(721a35b4edda4154d815808a8b45ed23) Importer(815301076,1909f56bfc062723c751e8b465ee728b)
Start importing Assets/prefabs/Cube.prefab using Guid(721a35b4edda4154d815808a8b45ed23) Importer(815301076,1909f56bfc062723c751e8b465ee728b)  -> (artifact id: 'c35789c3dd05411afe91f86910b06fac') in 0.005313 seconds 
========================================================================
Received Import Request.
  Time since last request: 6.421234 seconds.
  path: Assets/prefabs/Cube.prefab
  artifactKey: Guid(721a35b4edda4154d815808a8b45ed23) Importer(815301076,1909f56bfc062723c751e8b465ee728b)
Start importing Assets/prefabs/Cube.prefab using Guid(721a35b4edda4154d815808a8b45ed23) Importer(815301076,1909f56bfc062723c751e8b465ee728b)  -> (artifact id: 'd86e0dffab7806b3872f405892455e77') in 0.005399 seconds 
========================================================================
Received Import Request.
  Time since last request: 42.191308 seconds.
  path: Assets/prefabs/Cube.prefab
  artifactKey: Guid(721a35b4edda4154d815808a8b45ed23) Importer(815301076,1909f56bfc062723c751e8b465ee728b)
Start importing Assets/prefabs/Cube.prefab using Guid(721a35b4edda4154d815808a8b45ed23) Importer(815301076,1909f56bfc062723c751e8b465ee728b)  -> (artifact id: 'fd0332df281c5cd3a73a41a5cb492050') in 0.005926 seconds 
========================================================================
Received Import Request.
  Time since last request: 18.818864 seconds.
  path: Assets/prefabs/Cube.prefab
  artifactKey: Guid(721a35b4edda4154d815808a8b45ed23) Importer(815301076,1909f56bfc062723c751e8b465ee728b)
Start importing Assets/prefabs/Cube.prefab using Guid(721a35b4edda4154d815808a8b45ed23) Importer(815301076,1909f56bfc062723c751e8b465ee728b)  -> (artifact id: '2a155bc0d59e654e9e66d2f9441b32a6') in 0.013924 seconds 
========================================================================
Received Import Request.
  Time since last request: 55.545469 seconds.
  path: Assets/prefabs/Cube.prefab
  artifactKey: Guid(721a35b4edda4154d815808a8b45ed23) Importer(815301076,1909f56bfc062723c751e8b465ee728b)
Start importing Assets/prefabs/Cube.prefab using Guid(721a35b4edda4154d815808a8b45ed23) Importer(815301076,1909f56bfc062723c751e8b465ee728b)  -> (artifact id: '0a322a3d6eb3cb4d0b82272f06f7a87d') in 0.015981 seconds 
========================================================================
Received Import Request.
  Time since last request: 4.193169 seconds.
  path: Assets/prefabs/Cube.prefab
  artifactKey: Guid(721a35b4edda4154d815808a8b45ed23) Importer(815301076,1909f56bfc062723c751e8b465ee728b)
Start importing Assets/prefabs/Cube.prefab using Guid(721a35b4edda4154d815808a8b45ed23) Importer(815301076,1909f56bfc062723c751e8b465ee728b)  -> (artifact id: '76cdeb0b31cc17d9bd44a2e2c14bb2ff') in 0.012735 seconds 
========================================================================
Received Import Request.
  Time since last request: 3.622998 seconds.
  path: Assets/prefabs/Cube.prefab
  artifactKey: Guid(721a35b4edda4154d815808a8b45ed23) Importer(815301076,1909f56bfc062723c751e8b465ee728b)
Start importing Assets/prefabs/Cube.prefab using Guid(721a35b4edda4154d815808a8b45ed23) Importer(815301076,1909f56bfc062723c751e8b465ee728b)  -> (artifact id: '14a323a9a700e4d972bcc78888a640e7') in 0.012321 seconds 
========================================================================
Received Import Request.
  Time since last request: 4.206628 seconds.
  path: Assets/prefabs/Cube.prefab
  artifactKey: Guid(721a35b4edda4154d815808a8b45ed23) Importer(815301076,1909f56bfc062723c751e8b465ee728b)
Start importing Assets/prefabs/Cube.prefab using Guid(721a35b4edda4154d815808a8b45ed23) Importer(815301076,1909f56bfc062723c751e8b465ee728b)  -> (artifact id: '6ef722a293e05098dae246a3267943e2') in 0.009033 seconds 
========================================================================
Received Import Request.
  Time since last request: 7.853619 seconds.
  path: Assets/prefabs/Cube.prefab
  artifactKey: Guid(721a35b4edda4154d815808a8b45ed23) Importer(815301076,1909f56bfc062723c751e8b465ee728b)
Start importing Assets/prefabs/Cube.prefab using Guid(721a35b4edda4154d815808a8b45ed23) Importer(815301076,1909f56bfc062723c751e8b465ee728b)  -> (artifact id: 'c72eb9581352ef29420b3bc9f15456c0') in 0.012773 seconds 
========================================================================
Received Import Request.
  Time since last request: 2.081346 seconds.
  path: Assets/prefabs/Cube.prefab
  artifactKey: Guid(721a35b4edda4154d815808a8b45ed23) Importer(815301076,1909f56bfc062723c751e8b465ee728b)
Start importing Assets/prefabs/Cube.prefab using Guid(721a35b4edda4154d815808a8b45ed23) Importer(815301076,1909f56bfc062723c751e8b465ee728b)  -> (artifact id: 'a223d0f727c5c9d84c5f9adc948a9e94') in 0.008870 seconds 
========================================================================
Received Import Request.
  Time since last request: 16.209908 seconds.
  path: Packages/com.unity.probuilder/Content/Material/Checker.mat
  artifactKey: Guid(4717b199010ca4cb3a8a7a465ec457d2) Importer(815301076,1909f56bfc062723c751e8b465ee728b)
Start importing Packages/com.unity.probuilder/Content/Material/Checker.mat using Guid(4717b199010ca4cb3a8a7a465ec457d2) Importer(815301076,1909f56bfc062723c751e8b465ee728b)  -> (artifact id: 'd0357bf73e28b34c1644b54cf56252c6') in 0.047904 seconds 
========================================================================
Received Import Request.
  Time since last request: 0.000025 seconds.
  path: Packages/com.unity.probuilder/Content/Resources/Materials/FacePickerHDRP.mat
  artifactKey: Guid(a53ef0dd76f2fe74eb5f43267d7c0195) Importer(815301076,1909f56bfc062723c751e8b465ee728b)
Start importing Packages/com.unity.probuilder/Content/Resources/Materials/FacePickerHDRP.mat using Guid(a53ef0dd76f2fe74eb5f43267d7c0195) Importer(815301076,1909f56bfc062723c751e8b465ee728b)  -> (artifact id: '38bb5a4db4a260e66da572510dbb87cd') in 0.025315 seconds 
========================================================================
Received Import Request.
  Time since last request: 0.000031 seconds.
  path: Packages/com.unity.probuilder/Content/Resources/Materials/UnlitVertexColor.mat
  artifactKey: Guid(29966c3c0907b49b58c4e59342d020cf) Importer(815301076,1909f56bfc062723c751e8b465ee728b)
Start importing Packages/com.unity.probuilder/Content/Resources/Materials/UnlitVertexColor.mat using Guid(29966c3c0907b49b58c4e59342d020cf) Importer(815301076,1909f56bfc062723c751e8b465ee728b)  -> (artifact id: 'dc82f2341b44030d3ec31337c10d2fd4') in 0.056963 seconds 
========================================================================
Received Import Request.
  Time since last request: 0.000019 seconds.
  path: Packages/com.unity.probuilder/Content/Resources/Materials/VertexPickerHDRP.mat
  artifactKey: Guid(7d5c9fc287a2aa945a98203d41282923) Importer(815301076,1909f56bfc062723c751e8b465ee728b)
Start importing Packages/com.unity.probuilder/Content/Resources/Materials/VertexPickerHDRP.mat using Guid(7d5c9fc287a2aa945a98203d41282923) Importer(815301076,1909f56bfc062723c751e8b465ee728b)  -> (artifact id: '27ec1c91e7a8d2e671ef6de410ba1f05') in 0.020116 seconds 
========================================================================
Received Import Request.
  Time since last request: 0.000026 seconds.
  path: Packages/com.unity.probuilder/Content/Resources/Materials/StandardVertexColorHDRP.mat
  artifactKey: Guid(c35693c079f3840f7938a4a323096e84) Importer(815301076,1909f56bfc062723c751e8b465ee728b)
Start importing Packages/com.unity.probuilder/Content/Resources/Materials/StandardVertexColorHDRP.mat using Guid(c35693c079f3840f7938a4a323096e84) Importer(815301076,1909f56bfc062723c751e8b465ee728b)  -> (artifact id: 'fef7f55f7812356a4c0624f9b14e9ce5') in 0.029340 seconds 
========================================================================
Received Import Request.
  Time since last request: 0.000025 seconds.
  path: Packages/com.unity.probuilder/Content/Resources/Materials/ProBuilderDefault.mat
  artifactKey: Guid(c22777d6e868e4f2fb421913386b154e) Importer(815301076,1909f56bfc062723c751e8b465ee728b)
Start importing Packages/com.unity.probuilder/Content/Resources/Materials/ProBuilderDefault.mat using Guid(c22777d6e868e4f2fb421913386b154e) Importer(815301076,1909f56bfc062723c751e8b465ee728b)  -> (artifact id: '10c82615fcba6d2640dd6d9b1079ce9c') in 0.177604 seconds 
========================================================================
Received Import Request.
  Time since last request: 0.000029 seconds.
  path: Packages/com.unity.probuilder/Content/Resources/Materials/VertexPicker.mat
  artifactKey: Guid(30a8575e1d4cc4e01a88ffbf4f973d80) Importer(815301076,1909f56bfc062723c751e8b465ee728b)
Start importing Packages/com.unity.probuilder/Content/Resources/Materials/VertexPicker.mat using Guid(30a8575e1d4cc4e01a88ffbf4f973d80) Importer(815301076,1909f56bfc062723c751e8b465ee728b)  -> (artifact id: 'c5da83319ab8ea499127447714d67214') in 0.055902 seconds 
Editor requested this worker to shutdown with reason: Scaling down because of idle timeout
AssetImportWorker is now disconnected from the server
Process exiting
Exiting without the bug reporter. Application will terminate with return code 0